DEBUG - 2025-07-18 21:12:44 --> Session: Class initialized using 'CodeIgniter\Session\Handlers\FileHandler' driver.
DEBUG - 2025-07-18 21:12:44 --> Session: Class initialized using 'CodeIgniter\Session\Handlers\FileHandler' driver.
DEBUG - 2025-07-18 21:17:01 --> Session: Class initialized using 'CodeIgniter\Session\Handlers\FileHandler' driver.
DEBUG - 2025-07-18 21:17:01 --> Session: Class initialized using 'CodeIgniter\Session\Handlers\FileHandler' driver.
DEBUG - 2025-07-18 21:17:02 --> Session: Class initialized using 'CodeIgniter\Session\Handlers\FileHandler' driver.
DEBUG - 2025-07-18 21:17:09 --> Session: Class initialized using 'CodeIgniter\Session\Handlers\FileHandler' driver.
DEBUG - 2025-07-18 21:17:12 --> Session: Class initialized using 'CodeIgniter\Session\Handlers\FileHandler' driver.
DEBUG - 2025-07-18 21:17:14 --> Session: Class initialized using 'CodeIgniter\Session\Handlers\FileHandler' driver.
DEBUG - 2025-07-18 21:17:15 --> Session: Class initialized using 'CodeIgniter\Session\Handlers\FileHandler' driver.
DEBUG - 2025-07-18 21:19:08 --> Session: Class initialized using 'CodeIgniter\Session\Handlers\FileHandler' driver.
DEBUG - 2025-07-18 21:19:08 --> Session: Class initialized using 'CodeIgniter\Session\Handlers\FileHandler' driver.
DEBUG - 2025-07-18 21:19:13 --> Session: Class initialized using 'CodeIgniter\Session\Handlers\FileHandler' driver.
DEBUG - 2025-07-18 21:19:16 --> Session: Class initialized using 'CodeIgniter\Session\Handlers\FileHandler' driver.
DEBUG - 2025-07-18 21:33:31 --> Session: Class initialized using 'CodeIgniter\Session\Handlers\FileHandler' driver.
DEBUG - 2025-07-18 21:33:33 --> Session: Class initialized using 'CodeIgniter\Session\Handlers\FileHandler' driver.
DEBUG - 2025-07-18 21:33:35 --> Session: Class initialized using 'CodeIgniter\Session\Handlers\FileHandler' driver.
DEBUG - 2025-07-18 21:34:05 --> Session: Class initialized using 'CodeIgniter\Session\Handlers\FileHandler' driver.
DEBUG - 2025-07-18 21:34:06 --> Session: Class initialized using 'CodeIgniter\Session\Handlers\FileHandler' driver.
DEBUG - 2025-07-18 21:34:11 --> Session: Class initialized using 'CodeIgniter\Session\Handlers\FileHandler' driver.
DEBUG - 2025-07-18 21:36:21 --> Session: Class initialized using 'CodeIgniter\Session\Handlers\FileHandler' driver.
DEBUG - 2025-07-18 21:36:21 --> Session: Class initialized using 'CodeIgniter\Session\Handlers\FileHandler' driver.
DEBUG - 2025-07-18 21:36:31 --> Session: Class initialized using 'CodeIgniter\Session\Handlers\FileHandler' driver.
DEBUG - 2025-07-18 21:36:31 --> Session: Class initialized using 'CodeIgniter\Session\Handlers\FileHandler' driver.
DEBUG - 2025-07-18 21:36:32 --> Session: Class initialized using 'CodeIgniter\Session\Handlers\FileHandler' driver.
DEBUG - 2025-07-18 21:37:57 --> Session: Class initialized using 'CodeIgniter\Session\Handlers\FileHandler' driver.
DEBUG - 2025-07-18 21:37:58 --> Session: Class initialized using 'CodeIgniter\Session\Handlers\FileHandler' driver.
DEBUG - 2025-07-18 21:38:18 --> Session: Class initialized using 'CodeIgniter\Session\Handlers\FileHandler' driver.
DEBUG - 2025-07-18 21:38:18 --> Session: Class initialized using 'CodeIgniter\Session\Handlers\FileHandler' driver.
DEBUG - 2025-07-18 21:38:19 --> Session: Class initialized using 'CodeIgniter\Session\Handlers\FileHandler' driver.
DEBUG - 2025-07-18 21:38:49 --> Session: Class initialized using 'CodeIgniter\Session\Handlers\FileHandler' driver.
DEBUG - 2025-07-18 21:39:06 --> Session: Class initialized using 'CodeIgniter\Session\Handlers\FileHandler' driver.
DEBUG - 2025-07-18 21:39:41 --> Session: Class initialized using 'CodeIgniter\Session\Handlers\FileHandler' driver.
DEBUG - 2025-07-18 21:39:41 --> Session: Class initialized using 'CodeIgniter\Session\Handlers\FileHandler' driver.
DEBUG - 2025-07-18 21:39:50 --> Session: Class initialized using 'CodeIgniter\Session\Handlers\FileHandler' driver.
DEBUG - 2025-07-18 21:39:50 --> Session: Class initialized using 'CodeIgniter\Session\Handlers\FileHandler' driver.
DEBUG - 2025-07-18 21:39:51 --> Session: Class initialized using 'CodeIgniter\Session\Handlers\FileHandler' driver.
DEBUG - 2025-07-18 21:40:24 --> Session: Class initialized using 'CodeIgniter\Session\Handlers\FileHandler' driver.
DEBUG - 2025-07-18 21:40:24 --> Session: Class initialized using 'CodeIgniter\Session\Handlers\FileHandler' driver.
DEBUG - 2025-07-18 21:40:33 --> Session: Class initialized using 'CodeIgniter\Session\Handlers\FileHandler' driver.
DEBUG - 2025-07-18 21:40:33 --> Session: Class initialized using 'CodeIgniter\Session\Handlers\FileHandler' driver.
DEBUG - 2025-07-18 21:40:34 --> Session: Class initialized using 'CodeIgniter\Session\Handlers\FileHandler' driver.
DEBUG - 2025-07-18 21:40:42 --> Session: Class initialized using 'CodeIgniter\Session\Handlers\FileHandler' driver.
DEBUG - 2025-07-18 21:47:18 --> Session: Class initialized using 'CodeIgniter\Session\Handlers\FileHandler' driver.
ERROR - 2025-07-18 21:47:19 --> mysqli_sql_exception: Column 'usulPokKode' cannot be null in C:\xampp\htdocs\sapa_intan\system\Database\MySQLi\Connection.php:327
Stack trace:
#0 C:\xampp\htdocs\sapa_intan\system\Database\MySQLi\Connection.php(327): mysqli->query('INSERT INTO `sa...', 0)
#1 C:\xampp\htdocs\sapa_intan\system\Database\BaseConnection.php(738): CodeIgniter\Database\MySQLi\Connection->execute('INSERT INTO `sa...')
#2 C:\xampp\htdocs\sapa_intan\system\Database\BaseConnection.php(652): CodeIgniter\Database\BaseConnection->simpleQuery('INSERT INTO `sa...')
#3 C:\xampp\htdocs\sapa_intan\system\Database\BaseBuilder.php(2345): CodeIgniter\Database\BaseConnection->query('INSERT INTO `sa...', Array, false)
#4 C:\xampp\htdocs\sapa_intan\system\Model.php(394): CodeIgniter\Database\BaseBuilder->insert()
#5 C:\xampp\htdocs\sapa_intan\system\BaseModel.php(843): CodeIgniter\Model->doInsert(Array)
#6 C:\xampp\htdocs\sapa_intan\system\Model.php(800): CodeIgniter\BaseModel->insert(Array, true)
#7 C:\xampp\htdocs\sapa_intan\app\Controllers\Dashboard.php(614): CodeIgniter\Model->insert(Array)
#8 C:\xampp\htdocs\sapa_intan\system\CodeIgniter.php(933): App\Controllers\Dashboard->postAdd_sapras()
#9 C:\xampp\htdocs\sapa_intan\system\CodeIgniter.php(507): CodeIgniter\CodeIgniter->runController(Object(App\Controllers\Dashboard))
#10 C:\xampp\htdocs\sapa_intan\system\CodeIgniter.php(354): CodeIgniter\CodeIgniter->handleRequest(NULL, Object(Config\Cache), false)
#11 C:\xampp\htdocs\sapa_intan\system\Boot.php(334): CodeIgniter\CodeIgniter->run()
#12 C:\xampp\htdocs\sapa_intan\system\Boot.php(67): CodeIgniter\Boot::runCodeIgniter(Object(CodeIgniter\CodeIgniter))
#13 C:\xampp\htdocs\sapa_intan\public\index.php(59): CodeIgniter\Boot::bootWeb(Object(Config\Paths))
#14 C:\xampp\htdocs\sapa_intan\system\rewrite.php(44): require_once('C:\\xampp\\htdocs...')
#15 {main}
CRITICAL - 2025-07-18 21:47:19 --> CodeIgniter\Database\Exceptions\DatabaseException: Column 'usulPokKode' cannot be null
[Method: POST, Route: dashboard/add_sapras]
in SYSTEMPATH\Database\BaseConnection.php on line 692.
 1 SYSTEMPATH\Database\BaseBuilder.php(2345): CodeIgniter\Database\BaseConnection->query('INSERT INTO `sapa_t_usul_sarpras` (`usulUsername`, `usulTipeKode`, `usulNoMesin`, `usulNoRangka`, `usulKomoditi`, `usulInsKode`, `usulKonKode`, `usulKepemilikan`, `usulLuasKinerja`, `usulLuasJam`, `usulPokKode`, `usulStatus`, `usulFoto1`, `usulFoto2`, `usulFoto3`, `usulFoto4`) VALUES (:usulUsername:, :usulTipeKode:, :usulNoMesin:, :usulNoRangka:, :usulKomoditi:, :usulInsKode:, :usulKonKode:, :usulKepemilikan:, :usulLuasKinerja:, :usulLuasJam:, :usulPokKode:, :usulStatus:, :usulFoto1:, :usulFoto2:, :usulFoto3:, :usulFoto4:)', [...], false)
 2 SYSTEMPATH\Model.php(394): CodeIgniter\Database\BaseBuilder->insert()
 3 SYSTEMPATH\BaseModel.php(843): CodeIgniter\Model->doInsert([...])
 4 SYSTEMPATH\Model.php(800): CodeIgniter\BaseModel->insert([...], true)
 5 APPPATH\Controllers\Dashboard.php(614): CodeIgniter\Model->insert([...])
 6 SYSTEMPATH\CodeIgniter.php(933): App\Controllers\Dashboard->postAdd_sapras()
 7 SYSTEMPATH\CodeIgniter.php(507): CodeIgniter\CodeIgniter->runController(Object(App\Controllers\Dashboard))
 8 SYSTEMPATH\CodeIgniter.php(354): CodeIgniter\CodeIgniter->handleRequest(null, Object(Config\Cache), false)
 9 SYSTEMPATH\Boot.php(334): CodeIgniter\CodeIgniter->run()
10 SYSTEMPATH\Boot.php(67): CodeIgniter\Boot::runCodeIgniter(Object(CodeIgniter\CodeIgniter))
11 FCPATH\index.php(59): CodeIgniter\Boot::bootWeb(Object(Config\Paths))
12 SYSTEMPATH\rewrite.php(44): require_once('C:\\xampp\\htdocs\\sapa_intan\\public\\index.php')
CRITICAL - 2025-07-18 21:47:19 --> [Caused by] CodeIgniter\Database\Exceptions\DatabaseException: Column 'usulPokKode' cannot be null
in SYSTEMPATH\Database\MySQLi\Connection.php on line 332.
 1 SYSTEMPATH\Database\BaseConnection.php(738): CodeIgniter\Database\MySQLi\Connection->execute('INSERT INTO `sapa_t_usul_sarpras` (`usulUsername`, `usulTipeKode`, `usulNoMesin`, `usulNoRangka`, `usulKomoditi`, `usulInsKode`, `usulKonKode`, `usulKepemilikan`, `usulLuasKinerja`, `usulLuasJam`, `usulPokKode`, `usulStatus`, `usulFoto1`, `usulFoto2`, `usulFoto3`, `usulFoto4`) VALUES (\'dinas_bjb\', \'4in\', \'45\', \'43\', \'kgd\', \'BJB\', \'Rusak Ringan\', \'Pinjam Pakai\', \'4\', \'4\', NULL, 4, \'1752875239_f0f9cc88439f40315d78.png\', \'1752875239_1972354c1bae0712a679.png\', \'1752875239_65303b417cecfbba8838.png\', \'1752875239_ba30d3f2d756da40340a.png\')')
 2 SYSTEMPATH\Database\BaseConnection.php(652): CodeIgniter\Database\BaseConnection->simpleQuery('INSERT INTO `sapa_t_usul_sarpras` (`usulUsername`, `usulTipeKode`, `usulNoMesin`, `usulNoRangka`, `usulKomoditi`, `usulInsKode`, `usulKonKode`, `usulKepemilikan`, `usulLuasKinerja`, `usulLuasJam`, `usulPokKode`, `usulStatus`, `usulFoto1`, `usulFoto2`, `usulFoto3`, `usulFoto4`) VALUES (\'dinas_bjb\', \'4in\', \'45\', \'43\', \'kgd\', \'BJB\', \'Rusak Ringan\', \'Pinjam Pakai\', \'4\', \'4\', NULL, 4, \'1752875239_f0f9cc88439f40315d78.png\', \'1752875239_1972354c1bae0712a679.png\', \'1752875239_65303b417cecfbba8838.png\', \'1752875239_ba30d3f2d756da40340a.png\')')
 3 SYSTEMPATH\Database\BaseBuilder.php(2345): CodeIgniter\Database\BaseConnection->query('INSERT INTO `sapa_t_usul_sarpras` (`usulUsername`, `usulTipeKode`, `usulNoMesin`, `usulNoRangka`, `usulKomoditi`, `usulInsKode`, `usulKonKode`, `usulKepemilikan`, `usulLuasKinerja`, `usulLuasJam`, `usulPokKode`, `usulStatus`, `usulFoto1`, `usulFoto2`, `usulFoto3`, `usulFoto4`) VALUES (:usulUsername:, :usulTipeKode:, :usulNoMesin:, :usulNoRangka:, :usulKomoditi:, :usulInsKode:, :usulKonKode:, :usulKepemilikan:, :usulLuasKinerja:, :usulLuasJam:, :usulPokKode:, :usulStatus:, :usulFoto1:, :usulFoto2:, :usulFoto3:, :usulFoto4:)', [...], false)
 4 SYSTEMPATH\Model.php(394): CodeIgniter\Database\BaseBuilder->insert()
 5 SYSTEMPATH\BaseModel.php(843): CodeIgniter\Model->doInsert([...])
 6 SYSTEMPATH\Model.php(800): CodeIgniter\BaseModel->insert([...], true)
 7 APPPATH\Controllers\Dashboard.php(614): CodeIgniter\Model->insert([...])
 8 SYSTEMPATH\CodeIgniter.php(933): App\Controllers\Dashboard->postAdd_sapras()
 9 SYSTEMPATH\CodeIgniter.php(507): CodeIgniter\CodeIgniter->runController(Object(App\Controllers\Dashboard))
10 SYSTEMPATH\CodeIgniter.php(354): CodeIgniter\CodeIgniter->handleRequest(null, Object(Config\Cache), false)
11 SYSTEMPATH\Boot.php(334): CodeIgniter\CodeIgniter->run()
12 SYSTEMPATH\Boot.php(67): CodeIgniter\Boot::runCodeIgniter(Object(CodeIgniter\CodeIgniter))
13 FCPATH\index.php(59): CodeIgniter\Boot::bootWeb(Object(Config\Paths))
14 SYSTEMPATH\rewrite.php(44): require_once('C:\\xampp\\htdocs\\sapa_intan\\public\\index.php')
CRITICAL - 2025-07-18 21:47:19 --> [Caused by] mysqli_sql_exception: Column 'usulPokKode' cannot be null
in SYSTEMPATH\Database\MySQLi\Connection.php on line 327.
 1 SYSTEMPATH\Database\MySQLi\Connection.php(327): mysqli->query('INSERT INTO `sapa_t_usul_sarpras` (`usulUsername`, `usulTipeKode`, `usulNoMesin`, `usulNoRangka`, `usulKomoditi`, `usulInsKode`, `usulKonKode`, `usulKepemilikan`, `usulLuasKinerja`, `usulLuasJam`, `usulPokKode`, `usulStatus`, `usulFoto1`, `usulFoto2`, `usulFoto3`, `usulFoto4`) VALUES (\'dinas_bjb\', \'4in\', \'45\', \'43\', \'kgd\', \'BJB\', \'Rusak Ringan\', \'Pinjam Pakai\', \'4\', \'4\', NULL, 4, \'1752875239_f0f9cc88439f40315d78.png\', \'1752875239_1972354c1bae0712a679.png\', \'1752875239_65303b417cecfbba8838.png\', \'1752875239_ba30d3f2d756da40340a.png\')', 0)
 2 SYSTEMPATH\Database\BaseConnection.php(738): CodeIgniter\Database\MySQLi\Connection->execute('INSERT INTO `sapa_t_usul_sarpras` (`usulUsername`, `usulTipeKode`, `usulNoMesin`, `usulNoRangka`, `usulKomoditi`, `usulInsKode`, `usulKonKode`, `usulKepemilikan`, `usulLuasKinerja`, `usulLuasJam`, `usulPokKode`, `usulStatus`, `usulFoto1`, `usulFoto2`, `usulFoto3`, `usulFoto4`) VALUES (\'dinas_bjb\', \'4in\', \'45\', \'43\', \'kgd\', \'BJB\', \'Rusak Ringan\', \'Pinjam Pakai\', \'4\', \'4\', NULL, 4, \'1752875239_f0f9cc88439f40315d78.png\', \'1752875239_1972354c1bae0712a679.png\', \'1752875239_65303b417cecfbba8838.png\', \'1752875239_ba30d3f2d756da40340a.png\')')
 3 SYSTEMPATH\Database\BaseConnection.php(652): CodeIgniter\Database\BaseConnection->simpleQuery('INSERT INTO `sapa_t_usul_sarpras` (`usulUsername`, `usulTipeKode`, `usulNoMesin`, `usulNoRangka`, `usulKomoditi`, `usulInsKode`, `usulKonKode`, `usulKepemilikan`, `usulLuasKinerja`, `usulLuasJam`, `usulPokKode`, `usulStatus`, `usulFoto1`, `usulFoto2`, `usulFoto3`, `usulFoto4`) VALUES (\'dinas_bjb\', \'4in\', \'45\', \'43\', \'kgd\', \'BJB\', \'Rusak Ringan\', \'Pinjam Pakai\', \'4\', \'4\', NULL, 4, \'1752875239_f0f9cc88439f40315d78.png\', \'1752875239_1972354c1bae0712a679.png\', \'1752875239_65303b417cecfbba8838.png\', \'1752875239_ba30d3f2d756da40340a.png\')')
 4 SYSTEMPATH\Database\BaseBuilder.php(2345): CodeIgniter\Database\BaseConnection->query('INSERT INTO `sapa_t_usul_sarpras` (`usulUsername`, `usulTipeKode`, `usulNoMesin`, `usulNoRangka`, `usulKomoditi`, `usulInsKode`, `usulKonKode`, `usulKepemilikan`, `usulLuasKinerja`, `usulLuasJam`, `usulPokKode`, `usulStatus`, `usulFoto1`, `usulFoto2`, `usulFoto3`, `usulFoto4`) VALUES (:usulUsername:, :usulTipeKode:, :usulNoMesin:, :usulNoRangka:, :usulKomoditi:, :usulInsKode:, :usulKonKode:, :usulKepemilikan:, :usulLuasKinerja:, :usulLuasJam:, :usulPokKode:, :usulStatus:, :usulFoto1:, :usulFoto2:, :usulFoto3:, :usulFoto4:)', [...], false)
 5 SYSTEMPATH\Model.php(394): CodeIgniter\Database\BaseBuilder->insert()
 6 SYSTEMPATH\BaseModel.php(843): CodeIgniter\Model->doInsert([...])
 7 SYSTEMPATH\Model.php(800): CodeIgniter\BaseModel->insert([...], true)
 8 APPPATH\Controllers\Dashboard.php(614): CodeIgniter\Model->insert([...])
 9 SYSTEMPATH\CodeIgniter.php(933): App\Controllers\Dashboard->postAdd_sapras()
10 SYSTEMPATH\CodeIgniter.php(507): CodeIgniter\CodeIgniter->runController(Object(App\Controllers\Dashboard))
11 SYSTEMPATH\CodeIgniter.php(354): CodeIgniter\CodeIgniter->handleRequest(null, Object(Config\Cache), false)
12 SYSTEMPATH\Boot.php(334): CodeIgniter\CodeIgniter->run()
13 SYSTEMPATH\Boot.php(67): CodeIgniter\Boot::runCodeIgniter(Object(CodeIgniter\CodeIgniter))
14 FCPATH\index.php(59): CodeIgniter\Boot::bootWeb(Object(Config\Paths))
15 SYSTEMPATH\rewrite.php(44): require_once('C:\\xampp\\htdocs\\sapa_intan\\public\\index.php')
DEBUG - 2025-07-18 21:47:40 --> Session: Class initialized using 'CodeIgniter\Session\Handlers\FileHandler' driver.
DEBUG - 2025-07-18 21:47:41 --> Session: Class initialized using 'CodeIgniter\Session\Handlers\FileHandler' driver.
DEBUG - 2025-07-18 21:48:02 --> Session: Class initialized using 'CodeIgniter\Session\Handlers\FileHandler' driver.
DEBUG - 2025-07-18 21:48:03 --> Session: Class initialized using 'CodeIgniter\Session\Handlers\FileHandler' driver.
