DEBUG - 2025-06-10 03:58:05 --> Session: Class initialized using 'CodeIgniter\Session\Handlers\FileHandler' driver.
DEBUG - 2025-06-10 03:58:06 --> Session: Class initialized using 'CodeIgniter\Session\Handlers\FileHandler' driver.
DEBUG - 2025-06-10 03:58:13 --> Session: Class initialized using 'CodeIgniter\Session\Handlers\FileHandler' driver.
DEBUG - 2025-06-10 03:58:14 --> Session: Class initialized using 'CodeIgniter\Session\Handlers\FileHandler' driver.
DEBUG - 2025-06-10 03:58:15 --> Session: Class initialized using 'CodeIgniter\Session\Handlers\FileHandler' driver.
DEBUG - 2025-06-10 04:02:17 --> Session: Class initialized using 'CodeIgniter\Session\Handlers\FileHandler' driver.
DEBUG - 2025-06-10 04:02:18 --> Session: Class initialized using 'CodeIgniter\Session\Handlers\FileHandler' driver.
DEBUG - 2025-06-10 04:09:07 --> Session: Class initialized using 'CodeIgniter\Session\Handlers\FileHandler' driver.
DEBUG - 2025-06-10 04:09:08 --> Session: Class initialized using 'CodeIgniter\Session\Handlers\FileHandler' driver.
DEBUG - 2025-06-10 04:10:04 --> Session: Class initialized using 'CodeIgniter\Session\Handlers\FileHandler' driver.
DEBUG - 2025-06-10 04:10:05 --> Session: Class initialized using 'CodeIgniter\Session\Handlers\FileHandler' driver.
DEBUG - 2025-06-10 04:10:54 --> Session: Class initialized using 'CodeIgniter\Session\Handlers\FileHandler' driver.
DEBUG - 2025-06-10 04:10:56 --> Session: Class initialized using 'CodeIgniter\Session\Handlers\FileHandler' driver.
DEBUG - 2025-06-10 04:14:21 --> Session: Class initialized using 'CodeIgniter\Session\Handlers\FileHandler' driver.
DEBUG - 2025-06-10 04:14:23 --> Session: Class initialized using 'CodeIgniter\Session\Handlers\FileHandler' driver.
DEBUG - 2025-06-10 04:15:31 --> Session: Class initialized using 'CodeIgniter\Session\Handlers\FileHandler' driver.
DEBUG - 2025-06-10 04:15:33 --> Session: Class initialized using 'CodeIgniter\Session\Handlers\FileHandler' driver.
DEBUG - 2025-06-10 04:22:57 --> Session: Class initialized using 'CodeIgniter\Session\Handlers\FileHandler' driver.
DEBUG - 2025-06-10 04:22:59 --> Session: Class initialized using 'CodeIgniter\Session\Handlers\FileHandler' driver.
DEBUG - 2025-06-10 04:23:03 --> Session: Class initialized using 'CodeIgniter\Session\Handlers\FileHandler' driver.
DEBUG - 2025-06-10 04:31:57 --> Session: Class initialized using 'CodeIgniter\Session\Handlers\FileHandler' driver.
CRITICAL - 2025-06-10 04:31:57 --> ErrorException: Undefined variable $sapaRKotaModel
[Method: GET, Route: dashboard/usul_sapras]
in APPPATH\Controllers\Dashboard.php on line 248.
 1 APPPATH\Controllers\Dashboard.php(248): CodeIgniter\Debug\Exceptions->errorHandler(2, 'Undefined variable $sapaRKotaModel', 'D:\\Apps\\Xampp\\htdocs\\sapa_intan\\app\\Controllers\\Dashboard.php', 248)
 2 SYSTEMPATH\CodeIgniter.php(933): App\Controllers\Dashboard->getUsul_sapras()
 3 SYSTEMPATH\CodeIgniter.php(507): CodeIgniter\CodeIgniter->runController(Object(App\Controllers\Dashboard))
 4 SYSTEMPATH\CodeIgniter.php(354): CodeIgniter\CodeIgniter->handleRequest(null, Object(Config\Cache), false)
 5 SYSTEMPATH\Boot.php(334): CodeIgniter\CodeIgniter->run()
 6 SYSTEMPATH\Boot.php(67): CodeIgniter\Boot::runCodeIgniter(Object(CodeIgniter\CodeIgniter))
 7 FCPATH\index.php(59): CodeIgniter\Boot::bootWeb(Object(Config\Paths))
DEBUG - 2025-06-10 04:33:32 --> Session: Class initialized using 'CodeIgniter\Session\Handlers\FileHandler' driver.
DEBUG - 2025-06-10 04:33:44 --> Session: Class initialized using 'CodeIgniter\Session\Handlers\FileHandler' driver.
DEBUG - 2025-06-10 04:33:53 --> Session: Class initialized using 'CodeIgniter\Session\Handlers\FileHandler' driver.
DEBUG - 2025-06-10 04:33:54 --> Session: Class initialized using 'CodeIgniter\Session\Handlers\FileHandler' driver.
DEBUG - 2025-06-10 04:34:13 --> Session: Class initialized using 'CodeIgniter\Session\Handlers\FileHandler' driver.
DEBUG - 2025-06-10 04:34:14 --> Session: Class initialized using 'CodeIgniter\Session\Handlers\FileHandler' driver.
DEBUG - 2025-06-10 04:35:01 --> Session: Class initialized using 'CodeIgniter\Session\Handlers\FileHandler' driver.
DEBUG - 2025-06-10 04:37:01 --> Session: Class initialized using 'CodeIgniter\Session\Handlers\FileHandler' driver.
DEBUG - 2025-06-10 04:37:04 --> Session: Class initialized using 'CodeIgniter\Session\Handlers\FileHandler' driver.
DEBUG - 2025-06-10 04:37:09 --> Session: Class initialized using 'CodeIgniter\Session\Handlers\FileHandler' driver.
DEBUG - 2025-06-10 04:38:12 --> Session: Class initialized using 'CodeIgniter\Session\Handlers\FileHandler' driver.
DEBUG - 2025-06-10 04:38:41 --> Session: Class initialized using 'CodeIgniter\Session\Handlers\FileHandler' driver.
DEBUG - 2025-06-10 04:39:01 --> Session: Class initialized using 'CodeIgniter\Session\Handlers\FileHandler' driver.
DEBUG - 2025-06-10 04:39:04 --> Session: Class initialized using 'CodeIgniter\Session\Handlers\FileHandler' driver.
DEBUG - 2025-06-10 04:39:11 --> Session: Class initialized using 'CodeIgniter\Session\Handlers\FileHandler' driver.
DEBUG - 2025-06-10 04:41:27 --> Session: Class initialized using 'CodeIgniter\Session\Handlers\FileHandler' driver.
CRITICAL - 2025-06-10 04:41:27 --> Error: Call to undefined method CodeIgniter\Database\MySQLi\Builder::whereOr()
[Method: GET, Route: dashboard/datatable]
in APPPATH\Controllers\Dashboard.php on line 304.
 1 SYSTEMPATH\CodeIgniter.php(933): App\Controllers\Dashboard->getDatatable()
 2 SYSTEMPATH\CodeIgniter.php(507): CodeIgniter\CodeIgniter->runController(Object(App\Controllers\Dashboard))
 3 SYSTEMPATH\CodeIgniter.php(354): CodeIgniter\CodeIgniter->handleRequest(null, Object(Config\Cache), false)
 4 SYSTEMPATH\Boot.php(334): CodeIgniter\CodeIgniter->run()
 5 SYSTEMPATH\Boot.php(67): CodeIgniter\Boot::runCodeIgniter(Object(CodeIgniter\CodeIgniter))
 6 FCPATH\index.php(59): CodeIgniter\Boot::bootWeb(Object(Config\Paths))
DEBUG - 2025-06-10 04:41:35 --> Session: Class initialized using 'CodeIgniter\Session\Handlers\FileHandler' driver.
DEBUG - 2025-06-10 04:41:54 --> Session: Class initialized using 'CodeIgniter\Session\Handlers\FileHandler' driver.
DEBUG - 2025-06-10 04:41:56 --> Session: Class initialized using 'CodeIgniter\Session\Handlers\FileHandler' driver.
DEBUG - 2025-06-10 04:49:27 --> Session: Class initialized using 'CodeIgniter\Session\Handlers\FileHandler' driver.
DEBUG - 2025-06-10 04:49:30 --> Session: Class initialized using 'CodeIgniter\Session\Handlers\FileHandler' driver.
CRITICAL - 2025-06-10 04:49:30 --> Error: Call to undefined method CodeIgniter\Database\MySQLi\Builder::whereOr()
[Method: GET, Route: dashboard/datatable]
in APPPATH\Controllers\Dashboard.php on line 306.
 1 SYSTEMPATH\CodeIgniter.php(933): App\Controllers\Dashboard->getDatatable()
 2 SYSTEMPATH\CodeIgniter.php(507): CodeIgniter\CodeIgniter->runController(Object(App\Controllers\Dashboard))
 3 SYSTEMPATH\CodeIgniter.php(354): CodeIgniter\CodeIgniter->handleRequest(null, Object(Config\Cache), false)
 4 SYSTEMPATH\Boot.php(334): CodeIgniter\CodeIgniter->run()
 5 SYSTEMPATH\Boot.php(67): CodeIgniter\Boot::runCodeIgniter(Object(CodeIgniter\CodeIgniter))
 6 FCPATH\index.php(59): CodeIgniter\Boot::bootWeb(Object(Config\Paths))
DEBUG - 2025-06-10 04:55:32 --> Session: Class initialized using 'CodeIgniter\Session\Handlers\FileHandler' driver.
DEBUG - 2025-06-10 04:55:34 --> Session: Class initialized using 'CodeIgniter\Session\Handlers\FileHandler' driver.
CRITICAL - 2025-06-10 04:55:34 --> TypeError: CodeIgniter\Database\BaseBuilder::getOperatorFromWhereKey(): Argument #1 ($whereKey) must be of type string, int given, called in D:\Apps\Xampp\htdocs\sapa_intan\system\Database\BaseBuilder.php on line 781
[Method: GET, Route: dashboard/datatable]
in SYSTEMPATH\Database\BaseBuilder.php on line 3495.
 1 SYSTEMPATH\Database\BaseBuilder.php(781): CodeIgniter\Database\BaseBuilder->getOperatorFromWhereKey(0)
 2 SYSTEMPATH\Database\BaseBuilder.php(738): CodeIgniter\Database\BaseBuilder->whereHaving('QBWhere', '0', [...], 'OR ', true)
 3 APPPATH\Controllers\Dashboard.php(306): CodeIgniter\Database\BaseBuilder->orWhere('0', [...])
 4 SYSTEMPATH\CodeIgniter.php(933): App\Controllers\Dashboard->getDatatable()
 5 SYSTEMPATH\CodeIgniter.php(507): CodeIgniter\CodeIgniter->runController(Object(App\Controllers\Dashboard))
 6 SYSTEMPATH\CodeIgniter.php(354): CodeIgniter\CodeIgniter->handleRequest(null, Object(Config\Cache), false)
 7 SYSTEMPATH\Boot.php(334): CodeIgniter\CodeIgniter->run()
 8 SYSTEMPATH\Boot.php(67): CodeIgniter\Boot::runCodeIgniter(Object(CodeIgniter\CodeIgniter))
 9 FCPATH\index.php(59): CodeIgniter\Boot::bootWeb(Object(Config\Paths))
DEBUG - 2025-06-10 04:56:01 --> Session: Class initialized using 'CodeIgniter\Session\Handlers\FileHandler' driver.
DEBUG - 2025-06-10 04:56:04 --> Session: Class initialized using 'CodeIgniter\Session\Handlers\FileHandler' driver.
DEBUG - 2025-06-10 04:56:51 --> Session: Class initialized using 'CodeIgniter\Session\Handlers\FileHandler' driver.
DEBUG - 2025-06-10 04:56:54 --> Session: Class initialized using 'CodeIgniter\Session\Handlers\FileHandler' driver.
DEBUG - 2025-06-10 04:57:34 --> Session: Class initialized using 'CodeIgniter\Session\Handlers\FileHandler' driver.
DEBUG - 2025-06-10 04:57:37 --> Session: Class initialized using 'CodeIgniter\Session\Handlers\FileHandler' driver.
DEBUG - 2025-06-10 04:58:12 --> Session: Class initialized using 'CodeIgniter\Session\Handlers\FileHandler' driver.
ERROR - 2025-06-10 04:58:12 --> mysqli_sql_exception: Illegal parameter data types varchar and row for operation '=' in D:\Apps\Xampp\htdocs\sapa_intan\system\Database\MySQLi\Connection.php:327
Stack trace:
#0 D:\Apps\Xampp\htdocs\sapa_intan\system\Database\MySQLi\Connection.php(327): mysqli->query('SELECT COUNT(*)...', 0)
#1 D:\Apps\Xampp\htdocs\sapa_intan\system\Database\BaseConnection.php(738): CodeIgniter\Database\MySQLi\Connection->execute('SELECT COUNT(*)...')
#2 D:\Apps\Xampp\htdocs\sapa_intan\system\Database\BaseConnection.php(652): CodeIgniter\Database\BaseConnection->simpleQuery('SELECT COUNT(*)...')
#3 D:\Apps\Xampp\htdocs\sapa_intan\system\Database\BaseBuilder.php(1733): CodeIgniter\Database\BaseConnection->query('SELECT COUNT(*)...', Array, false)
#4 D:\Apps\Xampp\htdocs\sapa_intan\vendor\hermawan\codeigniter4-datatables\src\DataTableQuery.php(57): CodeIgniter\Database\BaseBuilder->countAllResults()
#5 D:\Apps\Xampp\htdocs\sapa_intan\vendor\hermawan\codeigniter4-datatables\src\DataTable.php(185): Hermawan\DataTables\DataTableQuery->countAll()
#6 D:\Apps\Xampp\htdocs\sapa_intan\app\Controllers\Dashboard.php(314): Hermawan\DataTables\DataTable->toJson(true)
#7 D:\Apps\Xampp\htdocs\sapa_intan\system\CodeIgniter.php(933): App\Controllers\Dashboard->getDatatable()
#8 D:\Apps\Xampp\htdocs\sapa_intan\system\CodeIgniter.php(507): CodeIgniter\CodeIgniter->runController(Object(App\Controllers\Dashboard))
#9 D:\Apps\Xampp\htdocs\sapa_intan\system\CodeIgniter.php(354): CodeIgniter\CodeIgniter->handleRequest(NULL, Object(Config\Cache), false)
#10 D:\Apps\Xampp\htdocs\sapa_intan\system\Boot.php(334): CodeIgniter\CodeIgniter->run()
#11 D:\Apps\Xampp\htdocs\sapa_intan\system\Boot.php(67): CodeIgniter\Boot::runCodeIgniter(Object(CodeIgniter\CodeIgniter))
#12 D:\Apps\Xampp\htdocs\sapa_intan\public\index.php(59): CodeIgniter\Boot::bootWeb(Object(Config\Paths))
#13 {main}
CRITICAL - 2025-06-10 04:58:12 --> CodeIgniter\Database\Exceptions\DatabaseException: Illegal parameter data types varchar and row for operation '='
[Method: GET, Route: dashboard/datatable]
in SYSTEMPATH\Database\BaseConnection.php on line 692.
 1 SYSTEMPATH\Database\BaseBuilder.php(1733): CodeIgniter\Database\BaseConnection->query('SELECT COUNT(*) AS `numrows`
FROM `sapa_t_usul_sarpras`
LEFT JOIN `sapa_r_tipe_alsintan` ON `sapa_r_tipe_alsintan`.`tipeKode` = `sapa_t_usul_sarpras`.`usulTipeKode`
LEFT JOIN `sapa_r_kategori_alsintan` ON `sapa_r_kategori_alsintan`.`kalKode` = `sapa_r_tipe_alsintan`.`tipeKalKode`
LEFT JOIN `sapa_t_usul_profil` ON `sapa_t_usul_profil`.`proUsername` = `sapa_t_usul_sarpras`.`usulUsername`
LEFT JOIN `sapa_t_account` ON `sapa_t_account`.`accUsername` = `sapa_t_usul_profil`.`proUsername`
LEFT JOIN `sapa_m_instansi` ON `sapa_m_instansi`.`insKode` = `sapa_t_usul_profil`.`proInsKode`
WHERE `usulStatus` NOT IN :usulStatus:
OR `proTipeUsul` = :proTipeUsul:', [...], false)
 2 VENDORPATH\hermawan\codeigniter4-datatables\src\DataTableQuery.php(57): CodeIgniter\Database\BaseBuilder->countAllResults()
 3 VENDORPATH\hermawan\codeigniter4-datatables\src\DataTable.php(185): Hermawan\DataTables\DataTableQuery->countAll()
 4 APPPATH\Controllers\Dashboard.php(314): Hermawan\DataTables\DataTable->toJson(true)
 5 SYSTEMPATH\CodeIgniter.php(933): App\Controllers\Dashboard->getDatatable()
 6 SYSTEMPATH\CodeIgniter.php(507): CodeIgniter\CodeIgniter->runController(Object(App\Controllers\Dashboard))
 7 SYSTEMPATH\CodeIgniter.php(354): CodeIgniter\CodeIgniter->handleRequest(null, Object(Config\Cache), false)
 8 SYSTEMPATH\Boot.php(334): CodeIgniter\CodeIgniter->run()
 9 SYSTEMPATH\Boot.php(67): CodeIgniter\Boot::runCodeIgniter(Object(CodeIgniter\CodeIgniter))
10 FCPATH\index.php(59): CodeIgniter\Boot::bootWeb(Object(Config\Paths))
CRITICAL - 2025-06-10 04:58:12 --> [Caused by] CodeIgniter\Database\Exceptions\DatabaseException: Illegal parameter data types varchar and row for operation '='
in SYSTEMPATH\Database\MySQLi\Connection.php on line 332.
 1 SYSTEMPATH\Database\BaseConnection.php(738): CodeIgniter\Database\MySQLi\Connection->execute('SELECT COUNT(*) AS `numrows`
FROM `sapa_t_usul_sarpras`
LEFT JOIN `sapa_r_tipe_alsintan` ON `sapa_r_tipe_alsintan`.`tipeKode` = `sapa_t_usul_sarpras`.`usulTipeKode`
LEFT JOIN `sapa_r_kategori_alsintan` ON `sapa_r_kategori_alsintan`.`kalKode` = `sapa_r_tipe_alsintan`.`tipeKalKode`
LEFT JOIN `sapa_t_usul_profil` ON `sapa_t_usul_profil`.`proUsername` = `sapa_t_usul_sarpras`.`usulUsername`
LEFT JOIN `sapa_t_account` ON `sapa_t_account`.`accUsername` = `sapa_t_usul_profil`.`proUsername`
LEFT JOIN `sapa_m_instansi` ON `sapa_m_instansi`.`insKode` = `sapa_t_usul_profil`.`proInsKode`
WHERE `usulStatus` NOT IN (0,1,2,3,5)
OR `proTipeUsul` = (\'proTipeUsul_filter\',\'PPL\')')
 2 SYSTEMPATH\Database\BaseConnection.php(652): CodeIgniter\Database\BaseConnection->simpleQuery('SELECT COUNT(*) AS `numrows`
FROM `sapa_t_usul_sarpras`
LEFT JOIN `sapa_r_tipe_alsintan` ON `sapa_r_tipe_alsintan`.`tipeKode` = `sapa_t_usul_sarpras`.`usulTipeKode`
LEFT JOIN `sapa_r_kategori_alsintan` ON `sapa_r_kategori_alsintan`.`kalKode` = `sapa_r_tipe_alsintan`.`tipeKalKode`
LEFT JOIN `sapa_t_usul_profil` ON `sapa_t_usul_profil`.`proUsername` = `sapa_t_usul_sarpras`.`usulUsername`
LEFT JOIN `sapa_t_account` ON `sapa_t_account`.`accUsername` = `sapa_t_usul_profil`.`proUsername`
LEFT JOIN `sapa_m_instansi` ON `sapa_m_instansi`.`insKode` = `sapa_t_usul_profil`.`proInsKode`
WHERE `usulStatus` NOT IN (0,1,2,3,5)
OR `proTipeUsul` = (\'proTipeUsul_filter\',\'PPL\')')
 3 SYSTEMPATH\Database\BaseBuilder.php(1733): CodeIgniter\Database\BaseConnection->query('SELECT COUNT(*) AS `numrows`
FROM `sapa_t_usul_sarpras`
LEFT JOIN `sapa_r_tipe_alsintan` ON `sapa_r_tipe_alsintan`.`tipeKode` = `sapa_t_usul_sarpras`.`usulTipeKode`
LEFT JOIN `sapa_r_kategori_alsintan` ON `sapa_r_kategori_alsintan`.`kalKode` = `sapa_r_tipe_alsintan`.`tipeKalKode`
LEFT JOIN `sapa_t_usul_profil` ON `sapa_t_usul_profil`.`proUsername` = `sapa_t_usul_sarpras`.`usulUsername`
LEFT JOIN `sapa_t_account` ON `sapa_t_account`.`accUsername` = `sapa_t_usul_profil`.`proUsername`
LEFT JOIN `sapa_m_instansi` ON `sapa_m_instansi`.`insKode` = `sapa_t_usul_profil`.`proInsKode`
WHERE `usulStatus` NOT IN :usulStatus:
OR `proTipeUsul` = :proTipeUsul:', [...], false)
 4 VENDORPATH\hermawan\codeigniter4-datatables\src\DataTableQuery.php(57): CodeIgniter\Database\BaseBuilder->countAllResults()
 5 VENDORPATH\hermawan\codeigniter4-datatables\src\DataTable.php(185): Hermawan\DataTables\DataTableQuery->countAll()
 6 APPPATH\Controllers\Dashboard.php(314): Hermawan\DataTables\DataTable->toJson(true)
 7 SYSTEMPATH\CodeIgniter.php(933): App\Controllers\Dashboard->getDatatable()
 8 SYSTEMPATH\CodeIgniter.php(507): CodeIgniter\CodeIgniter->runController(Object(App\Controllers\Dashboard))
 9 SYSTEMPATH\CodeIgniter.php(354): CodeIgniter\CodeIgniter->handleRequest(null, Object(Config\Cache), false)
10 SYSTEMPATH\Boot.php(334): CodeIgniter\CodeIgniter->run()
11 SYSTEMPATH\Boot.php(67): CodeIgniter\Boot::runCodeIgniter(Object(CodeIgniter\CodeIgniter))
12 FCPATH\index.php(59): CodeIgniter\Boot::bootWeb(Object(Config\Paths))
CRITICAL - 2025-06-10 04:58:12 --> [Caused by] mysqli_sql_exception: Illegal parameter data types varchar and row for operation '='
in SYSTEMPATH\Database\MySQLi\Connection.php on line 327.
 1 SYSTEMPATH\Database\MySQLi\Connection.php(327): mysqli->query('SELECT COUNT(*) AS `numrows`
FROM `sapa_t_usul_sarpras`
LEFT JOIN `sapa_r_tipe_alsintan` ON `sapa_r_tipe_alsintan`.`tipeKode` = `sapa_t_usul_sarpras`.`usulTipeKode`
LEFT JOIN `sapa_r_kategori_alsintan` ON `sapa_r_kategori_alsintan`.`kalKode` = `sapa_r_tipe_alsintan`.`tipeKalKode`
LEFT JOIN `sapa_t_usul_profil` ON `sapa_t_usul_profil`.`proUsername` = `sapa_t_usul_sarpras`.`usulUsername`
LEFT JOIN `sapa_t_account` ON `sapa_t_account`.`accUsername` = `sapa_t_usul_profil`.`proUsername`
LEFT JOIN `sapa_m_instansi` ON `sapa_m_instansi`.`insKode` = `sapa_t_usul_profil`.`proInsKode`
WHERE `usulStatus` NOT IN (0,1,2,3,5)
OR `proTipeUsul` = (\'proTipeUsul_filter\',\'PPL\')', 0)
 2 SYSTEMPATH\Database\BaseConnection.php(738): CodeIgniter\Database\MySQLi\Connection->execute('SELECT COUNT(*) AS `numrows`
FROM `sapa_t_usul_sarpras`
LEFT JOIN `sapa_r_tipe_alsintan` ON `sapa_r_tipe_alsintan`.`tipeKode` = `sapa_t_usul_sarpras`.`usulTipeKode`
LEFT JOIN `sapa_r_kategori_alsintan` ON `sapa_r_kategori_alsintan`.`kalKode` = `sapa_r_tipe_alsintan`.`tipeKalKode`
LEFT JOIN `sapa_t_usul_profil` ON `sapa_t_usul_profil`.`proUsername` = `sapa_t_usul_sarpras`.`usulUsername`
LEFT JOIN `sapa_t_account` ON `sapa_t_account`.`accUsername` = `sapa_t_usul_profil`.`proUsername`
LEFT JOIN `sapa_m_instansi` ON `sapa_m_instansi`.`insKode` = `sapa_t_usul_profil`.`proInsKode`
WHERE `usulStatus` NOT IN (0,1,2,3,5)
OR `proTipeUsul` = (\'proTipeUsul_filter\',\'PPL\')')
 3 SYSTEMPATH\Database\BaseConnection.php(652): CodeIgniter\Database\BaseConnection->simpleQuery('SELECT COUNT(*) AS `numrows`
FROM `sapa_t_usul_sarpras`
LEFT JOIN `sapa_r_tipe_alsintan` ON `sapa_r_tipe_alsintan`.`tipeKode` = `sapa_t_usul_sarpras`.`usulTipeKode`
LEFT JOIN `sapa_r_kategori_alsintan` ON `sapa_r_kategori_alsintan`.`kalKode` = `sapa_r_tipe_alsintan`.`tipeKalKode`
LEFT JOIN `sapa_t_usul_profil` ON `sapa_t_usul_profil`.`proUsername` = `sapa_t_usul_sarpras`.`usulUsername`
LEFT JOIN `sapa_t_account` ON `sapa_t_account`.`accUsername` = `sapa_t_usul_profil`.`proUsername`
LEFT JOIN `sapa_m_instansi` ON `sapa_m_instansi`.`insKode` = `sapa_t_usul_profil`.`proInsKode`
WHERE `usulStatus` NOT IN (0,1,2,3,5)
OR `proTipeUsul` = (\'proTipeUsul_filter\',\'PPL\')')
 4 SYSTEMPATH\Database\BaseBuilder.php(1733): CodeIgniter\Database\BaseConnection->query('SELECT COUNT(*) AS `numrows`
FROM `sapa_t_usul_sarpras`
LEFT JOIN `sapa_r_tipe_alsintan` ON `sapa_r_tipe_alsintan`.`tipeKode` = `sapa_t_usul_sarpras`.`usulTipeKode`
LEFT JOIN `sapa_r_kategori_alsintan` ON `sapa_r_kategori_alsintan`.`kalKode` = `sapa_r_tipe_alsintan`.`tipeKalKode`
LEFT JOIN `sapa_t_usul_profil` ON `sapa_t_usul_profil`.`proUsername` = `sapa_t_usul_sarpras`.`usulUsername`
LEFT JOIN `sapa_t_account` ON `sapa_t_account`.`accUsername` = `sapa_t_usul_profil`.`proUsername`
LEFT JOIN `sapa_m_instansi` ON `sapa_m_instansi`.`insKode` = `sapa_t_usul_profil`.`proInsKode`
WHERE `usulStatus` NOT IN :usulStatus:
OR `proTipeUsul` = :proTipeUsul:', [...], false)
 5 VENDORPATH\hermawan\codeigniter4-datatables\src\DataTableQuery.php(57): CodeIgniter\Database\BaseBuilder->countAllResults()
 6 VENDORPATH\hermawan\codeigniter4-datatables\src\DataTable.php(185): Hermawan\DataTables\DataTableQuery->countAll()
 7 APPPATH\Controllers\Dashboard.php(314): Hermawan\DataTables\DataTable->toJson(true)
 8 SYSTEMPATH\CodeIgniter.php(933): App\Controllers\Dashboard->getDatatable()
 9 SYSTEMPATH\CodeIgniter.php(507): CodeIgniter\CodeIgniter->runController(Object(App\Controllers\Dashboard))
10 SYSTEMPATH\CodeIgniter.php(354): CodeIgniter\CodeIgniter->handleRequest(null, Object(Config\Cache), false)
11 SYSTEMPATH\Boot.php(334): CodeIgniter\CodeIgniter->run()
12 SYSTEMPATH\Boot.php(67): CodeIgniter\Boot::runCodeIgniter(Object(CodeIgniter\CodeIgniter))
13 FCPATH\index.php(59): CodeIgniter\Boot::bootWeb(Object(Config\Paths))
DEBUG - 2025-06-10 04:58:29 --> Session: Class initialized using 'CodeIgniter\Session\Handlers\FileHandler' driver.
DEBUG - 2025-06-10 04:58:35 --> Session: Class initialized using 'CodeIgniter\Session\Handlers\FileHandler' driver.
DEBUG - 2025-06-10 04:58:57 --> Session: Class initialized using 'CodeIgniter\Session\Handlers\FileHandler' driver.
DEBUG - 2025-06-10 04:58:59 --> Session: Class initialized using 'CodeIgniter\Session\Handlers\FileHandler' driver.
DEBUG - 2025-06-10 04:59:03 --> Session: Class initialized using 'CodeIgniter\Session\Handlers\FileHandler' driver.
DEBUG - 2025-06-10 04:59:06 --> Session: Class initialized using 'CodeIgniter\Session\Handlers\FileHandler' driver.
DEBUG - 2025-06-10 04:59:41 --> Session: Class initialized using 'CodeIgniter\Session\Handlers\FileHandler' driver.
DEBUG - 2025-06-10 05:00:04 --> Session: Class initialized using 'CodeIgniter\Session\Handlers\FileHandler' driver.
DEBUG - 2025-06-10 05:00:22 --> Session: Class initialized using 'CodeIgniter\Session\Handlers\FileHandler' driver.
DEBUG - 2025-06-10 05:01:31 --> Session: Class initialized using 'CodeIgniter\Session\Handlers\FileHandler' driver.
DEBUG - 2025-06-10 05:01:35 --> Session: Class initialized using 'CodeIgniter\Session\Handlers\FileHandler' driver.
DEBUG - 2025-06-10 05:02:01 --> Session: Class initialized using 'CodeIgniter\Session\Handlers\FileHandler' driver.
DEBUG - 2025-06-10 05:08:12 --> Session: Class initialized using 'CodeIgniter\Session\Handlers\FileHandler' driver.
DEBUG - 2025-06-10 05:10:45 --> Session: Class initialized using 'CodeIgniter\Session\Handlers\FileHandler' driver.
DEBUG - 2025-06-10 05:10:56 --> Session: Class initialized using 'CodeIgniter\Session\Handlers\FileHandler' driver.
DEBUG - 2025-06-10 05:11:01 --> Session: Class initialized using 'CodeIgniter\Session\Handlers\FileHandler' driver.
DEBUG - 2025-06-10 05:11:03 --> Session: Class initialized using 'CodeIgniter\Session\Handlers\FileHandler' driver.
DEBUG - 2025-06-10 05:11:07 --> Session: Class initialized using 'CodeIgniter\Session\Handlers\FileHandler' driver.
DEBUG - 2025-06-10 05:11:13 --> Session: Class initialized using 'CodeIgniter\Session\Handlers\FileHandler' driver.
DEBUG - 2025-06-10 05:11:18 --> Session: Class initialized using 'CodeIgniter\Session\Handlers\FileHandler' driver.
DEBUG - 2025-06-10 05:11:20 --> Session: Class initialized using 'CodeIgniter\Session\Handlers\FileHandler' driver.
DEBUG - 2025-06-10 05:11:21 --> Session: Class initialized using 'CodeIgniter\Session\Handlers\FileHandler' driver.
DEBUG - 2025-06-10 05:11:27 --> Session: Class initialized using 'CodeIgniter\Session\Handlers\FileHandler' driver.
DEBUG - 2025-06-10 05:11:38 --> Session: Class initialized using 'CodeIgniter\Session\Handlers\FileHandler' driver.
DEBUG - 2025-06-10 05:14:47 --> Session: Class initialized using 'CodeIgniter\Session\Handlers\FileHandler' driver.
DEBUG - 2025-06-10 05:15:13 --> Session: Class initialized using 'CodeIgniter\Session\Handlers\FileHandler' driver.
DEBUG - 2025-06-10 05:15:14 --> Session: Class initialized using 'CodeIgniter\Session\Handlers\FileHandler' driver.
DEBUG - 2025-06-10 05:19:09 --> Session: Class initialized using 'CodeIgniter\Session\Handlers\FileHandler' driver.
DEBUG - 2025-06-10 05:19:11 --> Session: Class initialized using 'CodeIgniter\Session\Handlers\FileHandler' driver.
DEBUG - 2025-06-10 05:19:15 --> Session: Class initialized using 'CodeIgniter\Session\Handlers\FileHandler' driver.
DEBUG - 2025-06-10 05:19:20 --> Session: Class initialized using 'CodeIgniter\Session\Handlers\FileHandler' driver.
DEBUG - 2025-06-10 05:19:25 --> Session: Class initialized using 'CodeIgniter\Session\Handlers\FileHandler' driver.
DEBUG - 2025-06-10 05:20:58 --> Session: Class initialized using 'CodeIgniter\Session\Handlers\FileHandler' driver.
DEBUG - 2025-06-10 05:22:50 --> Session: Class initialized using 'CodeIgniter\Session\Handlers\FileHandler' driver.
DEBUG - 2025-06-10 05:22:54 --> Session: Class initialized using 'CodeIgniter\Session\Handlers\FileHandler' driver.
DEBUG - 2025-06-10 06:09:16 --> Session: Class initialized using 'CodeIgniter\Session\Handlers\FileHandler' driver.
DEBUG - 2025-06-10 06:09:19 --> Session: Class initialized using 'CodeIgniter\Session\Handlers\FileHandler' driver.
DEBUG - 2025-06-10 06:09:53 --> Session: Class initialized using 'CodeIgniter\Session\Handlers\FileHandler' driver.
DEBUG - 2025-06-10 06:09:54 --> Session: Class initialized using 'CodeIgniter\Session\Handlers\FileHandler' driver.
DEBUG - 2025-06-10 06:10:02 --> Session: Class initialized using 'CodeIgniter\Session\Handlers\FileHandler' driver.
DEBUG - 2025-06-10 06:10:04 --> Session: Class initialized using 'CodeIgniter\Session\Handlers\FileHandler' driver.
DEBUG - 2025-06-10 06:11:00 --> Session: Class initialized using 'CodeIgniter\Session\Handlers\FileHandler' driver.
DEBUG - 2025-06-10 06:11:02 --> Session: Class initialized using 'CodeIgniter\Session\Handlers\FileHandler' driver.
DEBUG - 2025-06-10 06:11:29 --> Session: Class initialized using 'CodeIgniter\Session\Handlers\FileHandler' driver.
DEBUG - 2025-06-10 06:11:31 --> Session: Class initialized using 'CodeIgniter\Session\Handlers\FileHandler' driver.
DEBUG - 2025-06-10 06:12:16 --> Session: Class initialized using 'CodeIgniter\Session\Handlers\FileHandler' driver.
DEBUG - 2025-06-10 06:12:18 --> Session: Class initialized using 'CodeIgniter\Session\Handlers\FileHandler' driver.
DEBUG - 2025-06-10 06:12:22 --> Session: Class initialized using 'CodeIgniter\Session\Handlers\FileHandler' driver.
DEBUG - 2025-06-10 06:12:25 --> Session: Class initialized using 'CodeIgniter\Session\Handlers\FileHandler' driver.
DEBUG - 2025-06-10 06:12:45 --> Session: Class initialized using 'CodeIgniter\Session\Handlers\FileHandler' driver.
DEBUG - 2025-06-10 06:12:48 --> Session: Class initialized using 'CodeIgniter\Session\Handlers\FileHandler' driver.
DEBUG - 2025-06-10 06:12:57 --> Session: Class initialized using 'CodeIgniter\Session\Handlers\FileHandler' driver.
DEBUG - 2025-06-10 06:13:09 --> Session: Class initialized using 'CodeIgniter\Session\Handlers\FileHandler' driver.
DEBUG - 2025-06-10 06:13:10 --> Session: Class initialized using 'CodeIgniter\Session\Handlers\FileHandler' driver.
DEBUG - 2025-06-10 06:13:13 --> Session: Class initialized using 'CodeIgniter\Session\Handlers\FileHandler' driver.
DEBUG - 2025-06-10 06:13:15 --> Session: Class initialized using 'CodeIgniter\Session\Handlers\FileHandler' driver.
DEBUG - 2025-06-10 06:13:18 --> Session: Class initialized using 'CodeIgniter\Session\Handlers\FileHandler' driver.
DEBUG - 2025-06-10 06:13:22 --> Session: Class initialized using 'CodeIgniter\Session\Handlers\FileHandler' driver.
DEBUG - 2025-06-10 06:13:23 --> Session: Class initialized using 'CodeIgniter\Session\Handlers\FileHandler' driver.
DEBUG - 2025-06-10 06:13:25 --> Session: Class initialized using 'CodeIgniter\Session\Handlers\FileHandler' driver.
DEBUG - 2025-06-10 06:13:26 --> Session: Class initialized using 'CodeIgniter\Session\Handlers\FileHandler' driver.
DEBUG - 2025-06-10 06:17:39 --> Session: Class initialized using 'CodeIgniter\Session\Handlers\FileHandler' driver.
DEBUG - 2025-06-10 06:17:40 --> Session: Class initialized using 'CodeIgniter\Session\Handlers\FileHandler' driver.
DEBUG - 2025-06-10 06:17:44 --> Session: Class initialized using 'CodeIgniter\Session\Handlers\FileHandler' driver.
DEBUG - 2025-06-10 06:41:54 --> Session: Class initialized using 'CodeIgniter\Session\Handlers\FileHandler' driver.
DEBUG - 2025-06-10 06:44:15 --> Session: Class initialized using 'CodeIgniter\Session\Handlers\FileHandler' driver.
DEBUG - 2025-06-10 06:44:51 --> Session: Class initialized using 'CodeIgniter\Session\Handlers\FileHandler' driver.
DEBUG - 2025-06-10 06:44:52 --> Session: Class initialized using 'CodeIgniter\Session\Handlers\FileHandler' driver.
DEBUG - 2025-06-10 06:45:33 --> Session: Class initialized using 'CodeIgniter\Session\Handlers\FileHandler' driver.
DEBUG - 2025-06-10 06:45:34 --> Session: Class initialized using 'CodeIgniter\Session\Handlers\FileHandler' driver.
DEBUG - 2025-06-10 06:49:36 --> Session: Class initialized using 'CodeIgniter\Session\Handlers\FileHandler' driver.
DEBUG - 2025-06-10 06:49:37 --> Session: Class initialized using 'CodeIgniter\Session\Handlers\FileHandler' driver.
DEBUG - 2025-06-10 06:49:54 --> Session: Class initialized using 'CodeIgniter\Session\Handlers\FileHandler' driver.
DEBUG - 2025-06-10 06:49:55 --> Session: Class initialized using 'CodeIgniter\Session\Handlers\FileHandler' driver.
DEBUG - 2025-06-10 07:41:08 --> Session: Class initialized using 'CodeIgniter\Session\Handlers\FileHandler' driver.
DEBUG - 2025-06-10 07:41:09 --> Session: Class initialized using 'CodeIgniter\Session\Handlers\FileHandler' driver.
DEBUG - 2025-06-10 07:41:59 --> Session: Class initialized using 'CodeIgniter\Session\Handlers\FileHandler' driver.
DEBUG - 2025-06-10 07:42:02 --> Session: Class initialized using 'CodeIgniter\Session\Handlers\FileHandler' driver.
DEBUG - 2025-06-10 07:44:07 --> Session: Class initialized using 'CodeIgniter\Session\Handlers\FileHandler' driver.
DEBUG - 2025-06-10 07:44:09 --> Session: Class initialized using 'CodeIgniter\Session\Handlers\FileHandler' driver.
DEBUG - 2025-06-10 07:44:11 --> Session: Class initialized using 'CodeIgniter\Session\Handlers\FileHandler' driver.
CRITICAL - 2025-06-10 07:44:11 --> ErrorException: Undefined variable $username
[Method: GET, Route: dashboard/profil_pengusul/111]
in APPPATH\Controllers\Dashboard.php on line 99.
 1 APPPATH\Controllers\Dashboard.php(99): CodeIgniter\Debug\Exceptions->errorHandler(2, 'Undefined variable $username', 'D:\\Apps\\Xampp\\htdocs\\sapa_intan\\app\\Controllers\\Dashboard.php', 99)
 2 SYSTEMPATH\CodeIgniter.php(933): App\Controllers\Dashboard->getProfil_pengusul('111')
 3 SYSTEMPATH\CodeIgniter.php(507): CodeIgniter\CodeIgniter->runController(Object(App\Controllers\Dashboard))
 4 SYSTEMPATH\CodeIgniter.php(354): CodeIgniter\CodeIgniter->handleRequest(null, Object(Config\Cache), false)
 5 SYSTEMPATH\Boot.php(334): CodeIgniter\CodeIgniter->run()
 6 SYSTEMPATH\Boot.php(67): CodeIgniter\Boot::runCodeIgniter(Object(CodeIgniter\CodeIgniter))
 7 FCPATH\index.php(59): CodeIgniter\Boot::bootWeb(Object(Config\Paths))
DEBUG - 2025-06-10 07:44:54 --> Session: Class initialized using 'CodeIgniter\Session\Handlers\FileHandler' driver.
DEBUG - 2025-06-10 07:44:56 --> Session: Class initialized using 'CodeIgniter\Session\Handlers\FileHandler' driver.
DEBUG - 2025-06-10 07:44:58 --> Session: Class initialized using 'CodeIgniter\Session\Handlers\FileHandler' driver.
DEBUG - 2025-06-10 07:45:13 --> Session: Class initialized using 'CodeIgniter\Session\Handlers\FileHandler' driver.
DEBUG - 2025-06-10 07:45:34 --> Session: Class initialized using 'CodeIgniter\Session\Handlers\FileHandler' driver.
DEBUG - 2025-06-10 07:48:14 --> Session: Class initialized using 'CodeIgniter\Session\Handlers\FileHandler' driver.
DEBUG - 2025-06-10 07:48:37 --> Session: Class initialized using 'CodeIgniter\Session\Handlers\FileHandler' driver.
DEBUG - 2025-06-10 07:48:45 --> Session: Class initialized using 'CodeIgniter\Session\Handlers\FileHandler' driver.
DEBUG - 2025-06-10 07:48:49 --> Session: Class initialized using 'CodeIgniter\Session\Handlers\FileHandler' driver.
DEBUG - 2025-06-10 07:49:00 --> Session: Class initialized using 'CodeIgniter\Session\Handlers\FileHandler' driver.
DEBUG - 2025-06-10 07:49:07 --> Session: Class initialized using 'CodeIgniter\Session\Handlers\FileHandler' driver.
