DEBUG - 2025-06-04 01:56:17 --> Session: Class initialized using 'CodeIgniter\Session\Handlers\FileHandler' driver.
DEBUG - 2025-06-04 01:56:25 --> Session: Class initialized using 'CodeIgniter\Session\Handlers\FileHandler' driver.
DEBUG - 2025-06-04 01:56:25 --> Session: Class initialized using 'CodeIgniter\Session\Handlers\FileHandler' driver.
DEBUG - 2025-06-04 01:56:26 --> Session: Class initialized using 'CodeIgniter\Session\Handlers\FileHandler' driver.
ERROR - 2025-06-04 01:56:26 --> mysqli_sql_exception: Unknown column 'sapa_m_instansi.insNama' in 'field list' in D:\Apps\Xampp\htdocs\sapa_intan\system\Database\MySQLi\Connection.php:327
Stack trace:
#0 D:\Apps\Xampp\htdocs\sapa_intan\system\Database\MySQLi\Connection.php(327): mysqli->query('SELECT `sapa_t_...', 0)
#1 D:\Apps\Xampp\htdocs\sapa_intan\system\Database\BaseConnection.php(738): CodeIgniter\Database\MySQLi\Connection->execute('SELECT `sapa_t_...')
#2 D:\Apps\Xampp\htdocs\sapa_intan\system\Database\BaseConnection.php(652): CodeIgniter\Database\BaseConnection->simpleQuery('SELECT `sapa_t_...')
#3 D:\Apps\Xampp\htdocs\sapa_intan\system\Database\BaseBuilder.php(1649): CodeIgniter\Database\BaseConnection->query('SELECT `sapa_t_...', Array, false)
#4 D:\Apps\Xampp\htdocs\sapa_intan\vendor\hermawan\codeigniter4-datatables\src\DataTableQuery.php(234): CodeIgniter\Database\BaseBuilder->get()
#5 D:\Apps\Xampp\htdocs\sapa_intan\vendor\hermawan\codeigniter4-datatables\src\DataTableQuery.php(74): Hermawan\DataTables\DataTableQuery->queryResult()
#6 D:\Apps\Xampp\htdocs\sapa_intan\vendor\hermawan\codeigniter4-datatables\src\DataTable.php(187): Hermawan\DataTables\DataTableQuery->getDataResult()
#7 D:\Apps\Xampp\htdocs\sapa_intan\app\Controllers\Dashboard.php(295): Hermawan\DataTables\DataTable->toJson(true)
#8 D:\Apps\Xampp\htdocs\sapa_intan\system\CodeIgniter.php(933): App\Controllers\Dashboard->getDatatable()
#9 D:\Apps\Xampp\htdocs\sapa_intan\system\CodeIgniter.php(507): CodeIgniter\CodeIgniter->runController(Object(App\Controllers\Dashboard))
#10 D:\Apps\Xampp\htdocs\sapa_intan\system\CodeIgniter.php(354): CodeIgniter\CodeIgniter->handleRequest(NULL, Object(Config\Cache), false)
#11 D:\Apps\Xampp\htdocs\sapa_intan\system\Boot.php(334): CodeIgniter\CodeIgniter->run()
#12 D:\Apps\Xampp\htdocs\sapa_intan\system\Boot.php(67): CodeIgniter\Boot::runCodeIgniter(Object(CodeIgniter\CodeIgniter))
#13 D:\Apps\Xampp\htdocs\sapa_intan\public\index.php(59): CodeIgniter\Boot::bootWeb(Object(Config\Paths))
#14 {main}
CRITICAL - 2025-06-04 01:56:26 --> CodeIgniter\Database\Exceptions\DatabaseException: Unknown column 'sapa_m_instansi.insNama' in 'field list'
[Method: GET, Route: dashboard/datatable]
in SYSTEMPATH\Database\BaseConnection.php on line 692.
 1 SYSTEMPATH\Database\BaseBuilder.php(1649): CodeIgniter\Database\BaseConnection->query('SELECT `sapa_t_usul_sarpras`.`usulKode`, `sapa_t_usul_sarpras`.`usulTipeKode`, `sapa_t_usul_sarpras`.`usulKonKode`, `sapa_t_usul_sarpras`.`usulKepemilikan`, `sapa_t_usul_sarpras`.`usulStatus`, `sapa_r_kategori_alsintan`.`kalNama`, `sapa_r_tipe_alsintan`.`tipeNama`, `sapa_t_usul_profil`.`proTipeUsul`, `sapa_t_usul_profil`.`proPplNama`, `sapa_t_usul_profil`.`proPplNamaKetua`, `sapa_t_usul_profil`.`proKabNamaLengkap`, `sapa_m_instansi`.`insNama`
FROM `sapa_t_usul_sarpras`
LEFT JOIN `sapa_r_tipe_alsintan` ON `sapa_r_tipe_alsintan`.`tipeKode` = `sapa_t_usul_sarpras`.`usulTipeKode`
LEFT JOIN `sapa_r_kategori_alsintan` ON `sapa_r_kategori_alsintan`.`kalKode` = `sapa_r_tipe_alsintan`.`tipeKalKode`
LEFT JOIN `sapa_t_usul_profil` ON `sapa_t_usul_profil`.`proUsername` = `sapa_t_usul_sarpras`.`usulUsername`
LEFT JOIN `sapa_m_instansi` ON `sapa_m_instansi`.`insKode` = `sapa_t_usul_profil`.`proInsKode`
WHERE `usulStatus` NOT IN :usulStatus:
 LIMIT 10', [...], false)
 2 VENDORPATH\hermawan\codeigniter4-datatables\src\DataTableQuery.php(234): CodeIgniter\Database\BaseBuilder->get()
 3 VENDORPATH\hermawan\codeigniter4-datatables\src\DataTableQuery.php(74): Hermawan\DataTables\DataTableQuery->queryResult()
 4 VENDORPATH\hermawan\codeigniter4-datatables\src\DataTable.php(187): Hermawan\DataTables\DataTableQuery->getDataResult()
 5 APPPATH\Controllers\Dashboard.php(295): Hermawan\DataTables\DataTable->toJson(true)
 6 SYSTEMPATH\CodeIgniter.php(933): App\Controllers\Dashboard->getDatatable()
 7 SYSTEMPATH\CodeIgniter.php(507): CodeIgniter\CodeIgniter->runController(Object(App\Controllers\Dashboard))
 8 SYSTEMPATH\CodeIgniter.php(354): CodeIgniter\CodeIgniter->handleRequest(null, Object(Config\Cache), false)
 9 SYSTEMPATH\Boot.php(334): CodeIgniter\CodeIgniter->run()
10 SYSTEMPATH\Boot.php(67): CodeIgniter\Boot::runCodeIgniter(Object(CodeIgniter\CodeIgniter))
11 FCPATH\index.php(59): CodeIgniter\Boot::bootWeb(Object(Config\Paths))
CRITICAL - 2025-06-04 01:56:26 --> [Caused by] CodeIgniter\Database\Exceptions\DatabaseException: Unknown column 'sapa_m_instansi.insNama' in 'field list'
in SYSTEMPATH\Database\MySQLi\Connection.php on line 332.
 1 SYSTEMPATH\Database\BaseConnection.php(738): CodeIgniter\Database\MySQLi\Connection->execute('SELECT `sapa_t_usul_sarpras`.`usulKode`, `sapa_t_usul_sarpras`.`usulTipeKode`, `sapa_t_usul_sarpras`.`usulKonKode`, `sapa_t_usul_sarpras`.`usulKepemilikan`, `sapa_t_usul_sarpras`.`usulStatus`, `sapa_r_kategori_alsintan`.`kalNama`, `sapa_r_tipe_alsintan`.`tipeNama`, `sapa_t_usul_profil`.`proTipeUsul`, `sapa_t_usul_profil`.`proPplNama`, `sapa_t_usul_profil`.`proPplNamaKetua`, `sapa_t_usul_profil`.`proKabNamaLengkap`, `sapa_m_instansi`.`insNama`
FROM `sapa_t_usul_sarpras`
LEFT JOIN `sapa_r_tipe_alsintan` ON `sapa_r_tipe_alsintan`.`tipeKode` = `sapa_t_usul_sarpras`.`usulTipeKode`
LEFT JOIN `sapa_r_kategori_alsintan` ON `sapa_r_kategori_alsintan`.`kalKode` = `sapa_r_tipe_alsintan`.`tipeKalKode`
LEFT JOIN `sapa_t_usul_profil` ON `sapa_t_usul_profil`.`proUsername` = `sapa_t_usul_sarpras`.`usulUsername`
LEFT JOIN `sapa_m_instansi` ON `sapa_m_instansi`.`insKode` = `sapa_t_usul_profil`.`proInsKode`
WHERE `usulStatus` NOT IN (0,1,2,3,5)
 LIMIT 10')
 2 SYSTEMPATH\Database\BaseConnection.php(652): CodeIgniter\Database\BaseConnection->simpleQuery('SELECT `sapa_t_usul_sarpras`.`usulKode`, `sapa_t_usul_sarpras`.`usulTipeKode`, `sapa_t_usul_sarpras`.`usulKonKode`, `sapa_t_usul_sarpras`.`usulKepemilikan`, `sapa_t_usul_sarpras`.`usulStatus`, `sapa_r_kategori_alsintan`.`kalNama`, `sapa_r_tipe_alsintan`.`tipeNama`, `sapa_t_usul_profil`.`proTipeUsul`, `sapa_t_usul_profil`.`proPplNama`, `sapa_t_usul_profil`.`proPplNamaKetua`, `sapa_t_usul_profil`.`proKabNamaLengkap`, `sapa_m_instansi`.`insNama`
FROM `sapa_t_usul_sarpras`
LEFT JOIN `sapa_r_tipe_alsintan` ON `sapa_r_tipe_alsintan`.`tipeKode` = `sapa_t_usul_sarpras`.`usulTipeKode`
LEFT JOIN `sapa_r_kategori_alsintan` ON `sapa_r_kategori_alsintan`.`kalKode` = `sapa_r_tipe_alsintan`.`tipeKalKode`
LEFT JOIN `sapa_t_usul_profil` ON `sapa_t_usul_profil`.`proUsername` = `sapa_t_usul_sarpras`.`usulUsername`
LEFT JOIN `sapa_m_instansi` ON `sapa_m_instansi`.`insKode` = `sapa_t_usul_profil`.`proInsKode`
WHERE `usulStatus` NOT IN (0,1,2,3,5)
 LIMIT 10')
 3 SYSTEMPATH\Database\BaseBuilder.php(1649): CodeIgniter\Database\BaseConnection->query('SELECT `sapa_t_usul_sarpras`.`usulKode`, `sapa_t_usul_sarpras`.`usulTipeKode`, `sapa_t_usul_sarpras`.`usulKonKode`, `sapa_t_usul_sarpras`.`usulKepemilikan`, `sapa_t_usul_sarpras`.`usulStatus`, `sapa_r_kategori_alsintan`.`kalNama`, `sapa_r_tipe_alsintan`.`tipeNama`, `sapa_t_usul_profil`.`proTipeUsul`, `sapa_t_usul_profil`.`proPplNama`, `sapa_t_usul_profil`.`proPplNamaKetua`, `sapa_t_usul_profil`.`proKabNamaLengkap`, `sapa_m_instansi`.`insNama`
FROM `sapa_t_usul_sarpras`
LEFT JOIN `sapa_r_tipe_alsintan` ON `sapa_r_tipe_alsintan`.`tipeKode` = `sapa_t_usul_sarpras`.`usulTipeKode`
LEFT JOIN `sapa_r_kategori_alsintan` ON `sapa_r_kategori_alsintan`.`kalKode` = `sapa_r_tipe_alsintan`.`tipeKalKode`
LEFT JOIN `sapa_t_usul_profil` ON `sapa_t_usul_profil`.`proUsername` = `sapa_t_usul_sarpras`.`usulUsername`
LEFT JOIN `sapa_m_instansi` ON `sapa_m_instansi`.`insKode` = `sapa_t_usul_profil`.`proInsKode`
WHERE `usulStatus` NOT IN :usulStatus:
 LIMIT 10', [...], false)
 4 VENDORPATH\hermawan\codeigniter4-datatables\src\DataTableQuery.php(234): CodeIgniter\Database\BaseBuilder->get()
 5 VENDORPATH\hermawan\codeigniter4-datatables\src\DataTableQuery.php(74): Hermawan\DataTables\DataTableQuery->queryResult()
 6 VENDORPATH\hermawan\codeigniter4-datatables\src\DataTable.php(187): Hermawan\DataTables\DataTableQuery->getDataResult()
 7 APPPATH\Controllers\Dashboard.php(295): Hermawan\DataTables\DataTable->toJson(true)
 8 SYSTEMPATH\CodeIgniter.php(933): App\Controllers\Dashboard->getDatatable()
 9 SYSTEMPATH\CodeIgniter.php(507): CodeIgniter\CodeIgniter->runController(Object(App\Controllers\Dashboard))
10 SYSTEMPATH\CodeIgniter.php(354): CodeIgniter\CodeIgniter->handleRequest(null, Object(Config\Cache), false)
11 SYSTEMPATH\Boot.php(334): CodeIgniter\CodeIgniter->run()
12 SYSTEMPATH\Boot.php(67): CodeIgniter\Boot::runCodeIgniter(Object(CodeIgniter\CodeIgniter))
13 FCPATH\index.php(59): CodeIgniter\Boot::bootWeb(Object(Config\Paths))
CRITICAL - 2025-06-04 01:56:26 --> [Caused by] mysqli_sql_exception: Unknown column 'sapa_m_instansi.insNama' in 'field list'
in SYSTEMPATH\Database\MySQLi\Connection.php on line 327.
 1 SYSTEMPATH\Database\MySQLi\Connection.php(327): mysqli->query('SELECT `sapa_t_usul_sarpras`.`usulKode`, `sapa_t_usul_sarpras`.`usulTipeKode`, `sapa_t_usul_sarpras`.`usulKonKode`, `sapa_t_usul_sarpras`.`usulKepemilikan`, `sapa_t_usul_sarpras`.`usulStatus`, `sapa_r_kategori_alsintan`.`kalNama`, `sapa_r_tipe_alsintan`.`tipeNama`, `sapa_t_usul_profil`.`proTipeUsul`, `sapa_t_usul_profil`.`proPplNama`, `sapa_t_usul_profil`.`proPplNamaKetua`, `sapa_t_usul_profil`.`proKabNamaLengkap`, `sapa_m_instansi`.`insNama`
FROM `sapa_t_usul_sarpras`
LEFT JOIN `sapa_r_tipe_alsintan` ON `sapa_r_tipe_alsintan`.`tipeKode` = `sapa_t_usul_sarpras`.`usulTipeKode`
LEFT JOIN `sapa_r_kategori_alsintan` ON `sapa_r_kategori_alsintan`.`kalKode` = `sapa_r_tipe_alsintan`.`tipeKalKode`
LEFT JOIN `sapa_t_usul_profil` ON `sapa_t_usul_profil`.`proUsername` = `sapa_t_usul_sarpras`.`usulUsername`
LEFT JOIN `sapa_m_instansi` ON `sapa_m_instansi`.`insKode` = `sapa_t_usul_profil`.`proInsKode`
WHERE `usulStatus` NOT IN (0,1,2,3,5)
 LIMIT 10', 0)
 2 SYSTEMPATH\Database\BaseConnection.php(738): CodeIgniter\Database\MySQLi\Connection->execute('SELECT `sapa_t_usul_sarpras`.`usulKode`, `sapa_t_usul_sarpras`.`usulTipeKode`, `sapa_t_usul_sarpras`.`usulKonKode`, `sapa_t_usul_sarpras`.`usulKepemilikan`, `sapa_t_usul_sarpras`.`usulStatus`, `sapa_r_kategori_alsintan`.`kalNama`, `sapa_r_tipe_alsintan`.`tipeNama`, `sapa_t_usul_profil`.`proTipeUsul`, `sapa_t_usul_profil`.`proPplNama`, `sapa_t_usul_profil`.`proPplNamaKetua`, `sapa_t_usul_profil`.`proKabNamaLengkap`, `sapa_m_instansi`.`insNama`
FROM `sapa_t_usul_sarpras`
LEFT JOIN `sapa_r_tipe_alsintan` ON `sapa_r_tipe_alsintan`.`tipeKode` = `sapa_t_usul_sarpras`.`usulTipeKode`
LEFT JOIN `sapa_r_kategori_alsintan` ON `sapa_r_kategori_alsintan`.`kalKode` = `sapa_r_tipe_alsintan`.`tipeKalKode`
LEFT JOIN `sapa_t_usul_profil` ON `sapa_t_usul_profil`.`proUsername` = `sapa_t_usul_sarpras`.`usulUsername`
LEFT JOIN `sapa_m_instansi` ON `sapa_m_instansi`.`insKode` = `sapa_t_usul_profil`.`proInsKode`
WHERE `usulStatus` NOT IN (0,1,2,3,5)
 LIMIT 10')
 3 SYSTEMPATH\Database\BaseConnection.php(652): CodeIgniter\Database\BaseConnection->simpleQuery('SELECT `sapa_t_usul_sarpras`.`usulKode`, `sapa_t_usul_sarpras`.`usulTipeKode`, `sapa_t_usul_sarpras`.`usulKonKode`, `sapa_t_usul_sarpras`.`usulKepemilikan`, `sapa_t_usul_sarpras`.`usulStatus`, `sapa_r_kategori_alsintan`.`kalNama`, `sapa_r_tipe_alsintan`.`tipeNama`, `sapa_t_usul_profil`.`proTipeUsul`, `sapa_t_usul_profil`.`proPplNama`, `sapa_t_usul_profil`.`proPplNamaKetua`, `sapa_t_usul_profil`.`proKabNamaLengkap`, `sapa_m_instansi`.`insNama`
FROM `sapa_t_usul_sarpras`
LEFT JOIN `sapa_r_tipe_alsintan` ON `sapa_r_tipe_alsintan`.`tipeKode` = `sapa_t_usul_sarpras`.`usulTipeKode`
LEFT JOIN `sapa_r_kategori_alsintan` ON `sapa_r_kategori_alsintan`.`kalKode` = `sapa_r_tipe_alsintan`.`tipeKalKode`
LEFT JOIN `sapa_t_usul_profil` ON `sapa_t_usul_profil`.`proUsername` = `sapa_t_usul_sarpras`.`usulUsername`
LEFT JOIN `sapa_m_instansi` ON `sapa_m_instansi`.`insKode` = `sapa_t_usul_profil`.`proInsKode`
WHERE `usulStatus` NOT IN (0,1,2,3,5)
 LIMIT 10')
 4 SYSTEMPATH\Database\BaseBuilder.php(1649): CodeIgniter\Database\BaseConnection->query('SELECT `sapa_t_usul_sarpras`.`usulKode`, `sapa_t_usul_sarpras`.`usulTipeKode`, `sapa_t_usul_sarpras`.`usulKonKode`, `sapa_t_usul_sarpras`.`usulKepemilikan`, `sapa_t_usul_sarpras`.`usulStatus`, `sapa_r_kategori_alsintan`.`kalNama`, `sapa_r_tipe_alsintan`.`tipeNama`, `sapa_t_usul_profil`.`proTipeUsul`, `sapa_t_usul_profil`.`proPplNama`, `sapa_t_usul_profil`.`proPplNamaKetua`, `sapa_t_usul_profil`.`proKabNamaLengkap`, `sapa_m_instansi`.`insNama`
FROM `sapa_t_usul_sarpras`
LEFT JOIN `sapa_r_tipe_alsintan` ON `sapa_r_tipe_alsintan`.`tipeKode` = `sapa_t_usul_sarpras`.`usulTipeKode`
LEFT JOIN `sapa_r_kategori_alsintan` ON `sapa_r_kategori_alsintan`.`kalKode` = `sapa_r_tipe_alsintan`.`tipeKalKode`
LEFT JOIN `sapa_t_usul_profil` ON `sapa_t_usul_profil`.`proUsername` = `sapa_t_usul_sarpras`.`usulUsername`
LEFT JOIN `sapa_m_instansi` ON `sapa_m_instansi`.`insKode` = `sapa_t_usul_profil`.`proInsKode`
WHERE `usulStatus` NOT IN :usulStatus:
 LIMIT 10', [...], false)
 5 VENDORPATH\hermawan\codeigniter4-datatables\src\DataTableQuery.php(234): CodeIgniter\Database\BaseBuilder->get()
 6 VENDORPATH\hermawan\codeigniter4-datatables\src\DataTableQuery.php(74): Hermawan\DataTables\DataTableQuery->queryResult()
 7 VENDORPATH\hermawan\codeigniter4-datatables\src\DataTable.php(187): Hermawan\DataTables\DataTableQuery->getDataResult()
 8 APPPATH\Controllers\Dashboard.php(295): Hermawan\DataTables\DataTable->toJson(true)
 9 SYSTEMPATH\CodeIgniter.php(933): App\Controllers\Dashboard->getDatatable()
10 SYSTEMPATH\CodeIgniter.php(507): CodeIgniter\CodeIgniter->runController(Object(App\Controllers\Dashboard))
11 SYSTEMPATH\CodeIgniter.php(354): CodeIgniter\CodeIgniter->handleRequest(null, Object(Config\Cache), false)
12 SYSTEMPATH\Boot.php(334): CodeIgniter\CodeIgniter->run()
13 SYSTEMPATH\Boot.php(67): CodeIgniter\Boot::runCodeIgniter(Object(CodeIgniter\CodeIgniter))
14 FCPATH\index.php(59): CodeIgniter\Boot::bootWeb(Object(Config\Paths))
DEBUG - 2025-06-04 01:56:29 --> Session: Class initialized using 'CodeIgniter\Session\Handlers\FileHandler' driver.
DEBUG - 2025-06-04 01:56:30 --> Session: Class initialized using 'CodeIgniter\Session\Handlers\FileHandler' driver.
DEBUG - 2025-06-04 01:57:29 --> Session: Class initialized using 'CodeIgniter\Session\Handlers\FileHandler' driver.
DEBUG - 2025-06-04 01:57:30 --> Session: Class initialized using 'CodeIgniter\Session\Handlers\FileHandler' driver.
ERROR - 2025-06-04 01:57:30 --> mysqli_sql_exception: Unknown column 'sapa_m_instansi.insNama' in 'field list' in D:\Apps\Xampp\htdocs\sapa_intan\system\Database\MySQLi\Connection.php:327
Stack trace:
#0 D:\Apps\Xampp\htdocs\sapa_intan\system\Database\MySQLi\Connection.php(327): mysqli->query('SELECT `sapa_t_...', 0)
#1 D:\Apps\Xampp\htdocs\sapa_intan\system\Database\BaseConnection.php(738): CodeIgniter\Database\MySQLi\Connection->execute('SELECT `sapa_t_...')
#2 D:\Apps\Xampp\htdocs\sapa_intan\system\Database\BaseConnection.php(652): CodeIgniter\Database\BaseConnection->simpleQuery('SELECT `sapa_t_...')
#3 D:\Apps\Xampp\htdocs\sapa_intan\system\Database\BaseBuilder.php(1649): CodeIgniter\Database\BaseConnection->query('SELECT `sapa_t_...', Array, false)
#4 D:\Apps\Xampp\htdocs\sapa_intan\vendor\hermawan\codeigniter4-datatables\src\DataTableQuery.php(234): CodeIgniter\Database\BaseBuilder->get()
#5 D:\Apps\Xampp\htdocs\sapa_intan\vendor\hermawan\codeigniter4-datatables\src\DataTableQuery.php(74): Hermawan\DataTables\DataTableQuery->queryResult()
#6 D:\Apps\Xampp\htdocs\sapa_intan\vendor\hermawan\codeigniter4-datatables\src\DataTable.php(187): Hermawan\DataTables\DataTableQuery->getDataResult()
#7 D:\Apps\Xampp\htdocs\sapa_intan\app\Controllers\Dashboard.php(295): Hermawan\DataTables\DataTable->toJson(true)
#8 D:\Apps\Xampp\htdocs\sapa_intan\system\CodeIgniter.php(933): App\Controllers\Dashboard->getDatatable()
#9 D:\Apps\Xampp\htdocs\sapa_intan\system\CodeIgniter.php(507): CodeIgniter\CodeIgniter->runController(Object(App\Controllers\Dashboard))
#10 D:\Apps\Xampp\htdocs\sapa_intan\system\CodeIgniter.php(354): CodeIgniter\CodeIgniter->handleRequest(NULL, Object(Config\Cache), false)
#11 D:\Apps\Xampp\htdocs\sapa_intan\system\Boot.php(334): CodeIgniter\CodeIgniter->run()
#12 D:\Apps\Xampp\htdocs\sapa_intan\system\Boot.php(67): CodeIgniter\Boot::runCodeIgniter(Object(CodeIgniter\CodeIgniter))
#13 D:\Apps\Xampp\htdocs\sapa_intan\public\index.php(59): CodeIgniter\Boot::bootWeb(Object(Config\Paths))
#14 {main}
CRITICAL - 2025-06-04 01:57:30 --> CodeIgniter\Database\Exceptions\DatabaseException: Unknown column 'sapa_m_instansi.insNama' in 'field list'
[Method: GET, Route: dashboard/datatable]
in SYSTEMPATH\Database\BaseConnection.php on line 692.
 1 SYSTEMPATH\Database\BaseBuilder.php(1649): CodeIgniter\Database\BaseConnection->query('SELECT `sapa_t_usul_sarpras`.`usulKode`, `sapa_t_usul_sarpras`.`usulTipeKode`, `sapa_t_usul_sarpras`.`usulKonKode`, `sapa_t_usul_sarpras`.`usulKepemilikan`, `sapa_t_usul_sarpras`.`usulStatus`, `sapa_r_kategori_alsintan`.`kalNama`, `sapa_r_tipe_alsintan`.`tipeNama`, `sapa_t_usul_profil`.`proTipeUsul`, `sapa_t_usul_profil`.`proPplNama`, `sapa_t_usul_profil`.`proPplNamaKetua`, `sapa_t_usul_profil`.`proKabNamaLengkap`, `sapa_m_instansi`.`insNama`
FROM `sapa_t_usul_sarpras`
LEFT JOIN `sapa_r_tipe_alsintan` ON `sapa_r_tipe_alsintan`.`tipeKode` = `sapa_t_usul_sarpras`.`usulTipeKode`
LEFT JOIN `sapa_r_kategori_alsintan` ON `sapa_r_kategori_alsintan`.`kalKode` = `sapa_r_tipe_alsintan`.`tipeKalKode`
LEFT JOIN `sapa_t_usul_profil` ON `sapa_t_usul_profil`.`proUsername` = `sapa_t_usul_sarpras`.`usulUsername`
LEFT JOIN `sapa_m_instansi` ON `sapa_m_instansi`.`insKode` = `sapa_t_usul_profil`.`proInsKode`
WHERE `usulStatus` NOT IN :usulStatus:
 LIMIT 10', [...], false)
 2 VENDORPATH\hermawan\codeigniter4-datatables\src\DataTableQuery.php(234): CodeIgniter\Database\BaseBuilder->get()
 3 VENDORPATH\hermawan\codeigniter4-datatables\src\DataTableQuery.php(74): Hermawan\DataTables\DataTableQuery->queryResult()
 4 VENDORPATH\hermawan\codeigniter4-datatables\src\DataTable.php(187): Hermawan\DataTables\DataTableQuery->getDataResult()
 5 APPPATH\Controllers\Dashboard.php(295): Hermawan\DataTables\DataTable->toJson(true)
 6 SYSTEMPATH\CodeIgniter.php(933): App\Controllers\Dashboard->getDatatable()
 7 SYSTEMPATH\CodeIgniter.php(507): CodeIgniter\CodeIgniter->runController(Object(App\Controllers\Dashboard))
 8 SYSTEMPATH\CodeIgniter.php(354): CodeIgniter\CodeIgniter->handleRequest(null, Object(Config\Cache), false)
 9 SYSTEMPATH\Boot.php(334): CodeIgniter\CodeIgniter->run()
10 SYSTEMPATH\Boot.php(67): CodeIgniter\Boot::runCodeIgniter(Object(CodeIgniter\CodeIgniter))
11 FCPATH\index.php(59): CodeIgniter\Boot::bootWeb(Object(Config\Paths))
CRITICAL - 2025-06-04 01:57:30 --> [Caused by] CodeIgniter\Database\Exceptions\DatabaseException: Unknown column 'sapa_m_instansi.insNama' in 'field list'
in SYSTEMPATH\Database\MySQLi\Connection.php on line 332.
 1 SYSTEMPATH\Database\BaseConnection.php(738): CodeIgniter\Database\MySQLi\Connection->execute('SELECT `sapa_t_usul_sarpras`.`usulKode`, `sapa_t_usul_sarpras`.`usulTipeKode`, `sapa_t_usul_sarpras`.`usulKonKode`, `sapa_t_usul_sarpras`.`usulKepemilikan`, `sapa_t_usul_sarpras`.`usulStatus`, `sapa_r_kategori_alsintan`.`kalNama`, `sapa_r_tipe_alsintan`.`tipeNama`, `sapa_t_usul_profil`.`proTipeUsul`, `sapa_t_usul_profil`.`proPplNama`, `sapa_t_usul_profil`.`proPplNamaKetua`, `sapa_t_usul_profil`.`proKabNamaLengkap`, `sapa_m_instansi`.`insNama`
FROM `sapa_t_usul_sarpras`
LEFT JOIN `sapa_r_tipe_alsintan` ON `sapa_r_tipe_alsintan`.`tipeKode` = `sapa_t_usul_sarpras`.`usulTipeKode`
LEFT JOIN `sapa_r_kategori_alsintan` ON `sapa_r_kategori_alsintan`.`kalKode` = `sapa_r_tipe_alsintan`.`tipeKalKode`
LEFT JOIN `sapa_t_usul_profil` ON `sapa_t_usul_profil`.`proUsername` = `sapa_t_usul_sarpras`.`usulUsername`
LEFT JOIN `sapa_m_instansi` ON `sapa_m_instansi`.`insKode` = `sapa_t_usul_profil`.`proInsKode`
WHERE `usulStatus` NOT IN (0,1,2,3,5)
 LIMIT 10')
 2 SYSTEMPATH\Database\BaseConnection.php(652): CodeIgniter\Database\BaseConnection->simpleQuery('SELECT `sapa_t_usul_sarpras`.`usulKode`, `sapa_t_usul_sarpras`.`usulTipeKode`, `sapa_t_usul_sarpras`.`usulKonKode`, `sapa_t_usul_sarpras`.`usulKepemilikan`, `sapa_t_usul_sarpras`.`usulStatus`, `sapa_r_kategori_alsintan`.`kalNama`, `sapa_r_tipe_alsintan`.`tipeNama`, `sapa_t_usul_profil`.`proTipeUsul`, `sapa_t_usul_profil`.`proPplNama`, `sapa_t_usul_profil`.`proPplNamaKetua`, `sapa_t_usul_profil`.`proKabNamaLengkap`, `sapa_m_instansi`.`insNama`
FROM `sapa_t_usul_sarpras`
LEFT JOIN `sapa_r_tipe_alsintan` ON `sapa_r_tipe_alsintan`.`tipeKode` = `sapa_t_usul_sarpras`.`usulTipeKode`
LEFT JOIN `sapa_r_kategori_alsintan` ON `sapa_r_kategori_alsintan`.`kalKode` = `sapa_r_tipe_alsintan`.`tipeKalKode`
LEFT JOIN `sapa_t_usul_profil` ON `sapa_t_usul_profil`.`proUsername` = `sapa_t_usul_sarpras`.`usulUsername`
LEFT JOIN `sapa_m_instansi` ON `sapa_m_instansi`.`insKode` = `sapa_t_usul_profil`.`proInsKode`
WHERE `usulStatus` NOT IN (0,1,2,3,5)
 LIMIT 10')
 3 SYSTEMPATH\Database\BaseBuilder.php(1649): CodeIgniter\Database\BaseConnection->query('SELECT `sapa_t_usul_sarpras`.`usulKode`, `sapa_t_usul_sarpras`.`usulTipeKode`, `sapa_t_usul_sarpras`.`usulKonKode`, `sapa_t_usul_sarpras`.`usulKepemilikan`, `sapa_t_usul_sarpras`.`usulStatus`, `sapa_r_kategori_alsintan`.`kalNama`, `sapa_r_tipe_alsintan`.`tipeNama`, `sapa_t_usul_profil`.`proTipeUsul`, `sapa_t_usul_profil`.`proPplNama`, `sapa_t_usul_profil`.`proPplNamaKetua`, `sapa_t_usul_profil`.`proKabNamaLengkap`, `sapa_m_instansi`.`insNama`
FROM `sapa_t_usul_sarpras`
LEFT JOIN `sapa_r_tipe_alsintan` ON `sapa_r_tipe_alsintan`.`tipeKode` = `sapa_t_usul_sarpras`.`usulTipeKode`
LEFT JOIN `sapa_r_kategori_alsintan` ON `sapa_r_kategori_alsintan`.`kalKode` = `sapa_r_tipe_alsintan`.`tipeKalKode`
LEFT JOIN `sapa_t_usul_profil` ON `sapa_t_usul_profil`.`proUsername` = `sapa_t_usul_sarpras`.`usulUsername`
LEFT JOIN `sapa_m_instansi` ON `sapa_m_instansi`.`insKode` = `sapa_t_usul_profil`.`proInsKode`
WHERE `usulStatus` NOT IN :usulStatus:
 LIMIT 10', [...], false)
 4 VENDORPATH\hermawan\codeigniter4-datatables\src\DataTableQuery.php(234): CodeIgniter\Database\BaseBuilder->get()
 5 VENDORPATH\hermawan\codeigniter4-datatables\src\DataTableQuery.php(74): Hermawan\DataTables\DataTableQuery->queryResult()
 6 VENDORPATH\hermawan\codeigniter4-datatables\src\DataTable.php(187): Hermawan\DataTables\DataTableQuery->getDataResult()
 7 APPPATH\Controllers\Dashboard.php(295): Hermawan\DataTables\DataTable->toJson(true)
 8 SYSTEMPATH\CodeIgniter.php(933): App\Controllers\Dashboard->getDatatable()
 9 SYSTEMPATH\CodeIgniter.php(507): CodeIgniter\CodeIgniter->runController(Object(App\Controllers\Dashboard))
10 SYSTEMPATH\CodeIgniter.php(354): CodeIgniter\CodeIgniter->handleRequest(null, Object(Config\Cache), false)
11 SYSTEMPATH\Boot.php(334): CodeIgniter\CodeIgniter->run()
12 SYSTEMPATH\Boot.php(67): CodeIgniter\Boot::runCodeIgniter(Object(CodeIgniter\CodeIgniter))
13 FCPATH\index.php(59): CodeIgniter\Boot::bootWeb(Object(Config\Paths))
CRITICAL - 2025-06-04 01:57:30 --> [Caused by] mysqli_sql_exception: Unknown column 'sapa_m_instansi.insNama' in 'field list'
in SYSTEMPATH\Database\MySQLi\Connection.php on line 327.
 1 SYSTEMPATH\Database\MySQLi\Connection.php(327): mysqli->query('SELECT `sapa_t_usul_sarpras`.`usulKode`, `sapa_t_usul_sarpras`.`usulTipeKode`, `sapa_t_usul_sarpras`.`usulKonKode`, `sapa_t_usul_sarpras`.`usulKepemilikan`, `sapa_t_usul_sarpras`.`usulStatus`, `sapa_r_kategori_alsintan`.`kalNama`, `sapa_r_tipe_alsintan`.`tipeNama`, `sapa_t_usul_profil`.`proTipeUsul`, `sapa_t_usul_profil`.`proPplNama`, `sapa_t_usul_profil`.`proPplNamaKetua`, `sapa_t_usul_profil`.`proKabNamaLengkap`, `sapa_m_instansi`.`insNama`
FROM `sapa_t_usul_sarpras`
LEFT JOIN `sapa_r_tipe_alsintan` ON `sapa_r_tipe_alsintan`.`tipeKode` = `sapa_t_usul_sarpras`.`usulTipeKode`
LEFT JOIN `sapa_r_kategori_alsintan` ON `sapa_r_kategori_alsintan`.`kalKode` = `sapa_r_tipe_alsintan`.`tipeKalKode`
LEFT JOIN `sapa_t_usul_profil` ON `sapa_t_usul_profil`.`proUsername` = `sapa_t_usul_sarpras`.`usulUsername`
LEFT JOIN `sapa_m_instansi` ON `sapa_m_instansi`.`insKode` = `sapa_t_usul_profil`.`proInsKode`
WHERE `usulStatus` NOT IN (0,1,2,3,5)
 LIMIT 10', 0)
 2 SYSTEMPATH\Database\BaseConnection.php(738): CodeIgniter\Database\MySQLi\Connection->execute('SELECT `sapa_t_usul_sarpras`.`usulKode`, `sapa_t_usul_sarpras`.`usulTipeKode`, `sapa_t_usul_sarpras`.`usulKonKode`, `sapa_t_usul_sarpras`.`usulKepemilikan`, `sapa_t_usul_sarpras`.`usulStatus`, `sapa_r_kategori_alsintan`.`kalNama`, `sapa_r_tipe_alsintan`.`tipeNama`, `sapa_t_usul_profil`.`proTipeUsul`, `sapa_t_usul_profil`.`proPplNama`, `sapa_t_usul_profil`.`proPplNamaKetua`, `sapa_t_usul_profil`.`proKabNamaLengkap`, `sapa_m_instansi`.`insNama`
FROM `sapa_t_usul_sarpras`
LEFT JOIN `sapa_r_tipe_alsintan` ON `sapa_r_tipe_alsintan`.`tipeKode` = `sapa_t_usul_sarpras`.`usulTipeKode`
LEFT JOIN `sapa_r_kategori_alsintan` ON `sapa_r_kategori_alsintan`.`kalKode` = `sapa_r_tipe_alsintan`.`tipeKalKode`
LEFT JOIN `sapa_t_usul_profil` ON `sapa_t_usul_profil`.`proUsername` = `sapa_t_usul_sarpras`.`usulUsername`
LEFT JOIN `sapa_m_instansi` ON `sapa_m_instansi`.`insKode` = `sapa_t_usul_profil`.`proInsKode`
WHERE `usulStatus` NOT IN (0,1,2,3,5)
 LIMIT 10')
 3 SYSTEMPATH\Database\BaseConnection.php(652): CodeIgniter\Database\BaseConnection->simpleQuery('SELECT `sapa_t_usul_sarpras`.`usulKode`, `sapa_t_usul_sarpras`.`usulTipeKode`, `sapa_t_usul_sarpras`.`usulKonKode`, `sapa_t_usul_sarpras`.`usulKepemilikan`, `sapa_t_usul_sarpras`.`usulStatus`, `sapa_r_kategori_alsintan`.`kalNama`, `sapa_r_tipe_alsintan`.`tipeNama`, `sapa_t_usul_profil`.`proTipeUsul`, `sapa_t_usul_profil`.`proPplNama`, `sapa_t_usul_profil`.`proPplNamaKetua`, `sapa_t_usul_profil`.`proKabNamaLengkap`, `sapa_m_instansi`.`insNama`
FROM `sapa_t_usul_sarpras`
LEFT JOIN `sapa_r_tipe_alsintan` ON `sapa_r_tipe_alsintan`.`tipeKode` = `sapa_t_usul_sarpras`.`usulTipeKode`
LEFT JOIN `sapa_r_kategori_alsintan` ON `sapa_r_kategori_alsintan`.`kalKode` = `sapa_r_tipe_alsintan`.`tipeKalKode`
LEFT JOIN `sapa_t_usul_profil` ON `sapa_t_usul_profil`.`proUsername` = `sapa_t_usul_sarpras`.`usulUsername`
LEFT JOIN `sapa_m_instansi` ON `sapa_m_instansi`.`insKode` = `sapa_t_usul_profil`.`proInsKode`
WHERE `usulStatus` NOT IN (0,1,2,3,5)
 LIMIT 10')
 4 SYSTEMPATH\Database\BaseBuilder.php(1649): CodeIgniter\Database\BaseConnection->query('SELECT `sapa_t_usul_sarpras`.`usulKode`, `sapa_t_usul_sarpras`.`usulTipeKode`, `sapa_t_usul_sarpras`.`usulKonKode`, `sapa_t_usul_sarpras`.`usulKepemilikan`, `sapa_t_usul_sarpras`.`usulStatus`, `sapa_r_kategori_alsintan`.`kalNama`, `sapa_r_tipe_alsintan`.`tipeNama`, `sapa_t_usul_profil`.`proTipeUsul`, `sapa_t_usul_profil`.`proPplNama`, `sapa_t_usul_profil`.`proPplNamaKetua`, `sapa_t_usul_profil`.`proKabNamaLengkap`, `sapa_m_instansi`.`insNama`
FROM `sapa_t_usul_sarpras`
LEFT JOIN `sapa_r_tipe_alsintan` ON `sapa_r_tipe_alsintan`.`tipeKode` = `sapa_t_usul_sarpras`.`usulTipeKode`
LEFT JOIN `sapa_r_kategori_alsintan` ON `sapa_r_kategori_alsintan`.`kalKode` = `sapa_r_tipe_alsintan`.`tipeKalKode`
LEFT JOIN `sapa_t_usul_profil` ON `sapa_t_usul_profil`.`proUsername` = `sapa_t_usul_sarpras`.`usulUsername`
LEFT JOIN `sapa_m_instansi` ON `sapa_m_instansi`.`insKode` = `sapa_t_usul_profil`.`proInsKode`
WHERE `usulStatus` NOT IN :usulStatus:
 LIMIT 10', [...], false)
 5 VENDORPATH\hermawan\codeigniter4-datatables\src\DataTableQuery.php(234): CodeIgniter\Database\BaseBuilder->get()
 6 VENDORPATH\hermawan\codeigniter4-datatables\src\DataTableQuery.php(74): Hermawan\DataTables\DataTableQuery->queryResult()
 7 VENDORPATH\hermawan\codeigniter4-datatables\src\DataTable.php(187): Hermawan\DataTables\DataTableQuery->getDataResult()
 8 APPPATH\Controllers\Dashboard.php(295): Hermawan\DataTables\DataTable->toJson(true)
 9 SYSTEMPATH\CodeIgniter.php(933): App\Controllers\Dashboard->getDatatable()
10 SYSTEMPATH\CodeIgniter.php(507): CodeIgniter\CodeIgniter->runController(Object(App\Controllers\Dashboard))
11 SYSTEMPATH\CodeIgniter.php(354): CodeIgniter\CodeIgniter->handleRequest(null, Object(Config\Cache), false)
12 SYSTEMPATH\Boot.php(334): CodeIgniter\CodeIgniter->run()
13 SYSTEMPATH\Boot.php(67): CodeIgniter\Boot::runCodeIgniter(Object(CodeIgniter\CodeIgniter))
14 FCPATH\index.php(59): CodeIgniter\Boot::bootWeb(Object(Config\Paths))
DEBUG - 2025-06-04 01:57:37 --> Session: Class initialized using 'CodeIgniter\Session\Handlers\FileHandler' driver.
DEBUG - 2025-06-04 01:57:40 --> Session: Class initialized using 'CodeIgniter\Session\Handlers\FileHandler' driver.
ERROR - 2025-06-04 01:57:40 --> mysqli_sql_exception: Unknown column 'sapa_m_instansi.insNama' in 'field list' in D:\Apps\Xampp\htdocs\sapa_intan\system\Database\MySQLi\Connection.php:327
Stack trace:
#0 D:\Apps\Xampp\htdocs\sapa_intan\system\Database\MySQLi\Connection.php(327): mysqli->query('SELECT `sapa_t_...', 0)
#1 D:\Apps\Xampp\htdocs\sapa_intan\system\Database\BaseConnection.php(738): CodeIgniter\Database\MySQLi\Connection->execute('SELECT `sapa_t_...')
#2 D:\Apps\Xampp\htdocs\sapa_intan\system\Database\BaseConnection.php(652): CodeIgniter\Database\BaseConnection->simpleQuery('SELECT `sapa_t_...')
#3 D:\Apps\Xampp\htdocs\sapa_intan\system\Database\BaseBuilder.php(1649): CodeIgniter\Database\BaseConnection->query('SELECT `sapa_t_...', Array, false)
#4 D:\Apps\Xampp\htdocs\sapa_intan\vendor\hermawan\codeigniter4-datatables\src\DataTableQuery.php(234): CodeIgniter\Database\BaseBuilder->get()
#5 D:\Apps\Xampp\htdocs\sapa_intan\vendor\hermawan\codeigniter4-datatables\src\DataTableQuery.php(74): Hermawan\DataTables\DataTableQuery->queryResult()
#6 D:\Apps\Xampp\htdocs\sapa_intan\vendor\hermawan\codeigniter4-datatables\src\DataTable.php(187): Hermawan\DataTables\DataTableQuery->getDataResult()
#7 D:\Apps\Xampp\htdocs\sapa_intan\app\Controllers\Dashboard.php(295): Hermawan\DataTables\DataTable->toJson(true)
#8 D:\Apps\Xampp\htdocs\sapa_intan\system\CodeIgniter.php(933): App\Controllers\Dashboard->getDatatable()
#9 D:\Apps\Xampp\htdocs\sapa_intan\system\CodeIgniter.php(507): CodeIgniter\CodeIgniter->runController(Object(App\Controllers\Dashboard))
#10 D:\Apps\Xampp\htdocs\sapa_intan\system\CodeIgniter.php(354): CodeIgniter\CodeIgniter->handleRequest(NULL, Object(Config\Cache), false)
#11 D:\Apps\Xampp\htdocs\sapa_intan\system\Boot.php(334): CodeIgniter\CodeIgniter->run()
#12 D:\Apps\Xampp\htdocs\sapa_intan\system\Boot.php(67): CodeIgniter\Boot::runCodeIgniter(Object(CodeIgniter\CodeIgniter))
#13 D:\Apps\Xampp\htdocs\sapa_intan\public\index.php(59): CodeIgniter\Boot::bootWeb(Object(Config\Paths))
#14 {main}
CRITICAL - 2025-06-04 01:57:40 --> CodeIgniter\Database\Exceptions\DatabaseException: Unknown column 'sapa_m_instansi.insNama' in 'field list'
[Method: GET, Route: dashboard/datatable]
in SYSTEMPATH\Database\BaseConnection.php on line 692.
 1 SYSTEMPATH\Database\BaseBuilder.php(1649): CodeIgniter\Database\BaseConnection->query('SELECT `sapa_t_usul_sarpras`.`usulKode`, `sapa_t_usul_sarpras`.`usulTipeKode`, `sapa_t_usul_sarpras`.`usulKonKode`, `sapa_t_usul_sarpras`.`usulKepemilikan`, `sapa_t_usul_sarpras`.`usulStatus`, `sapa_r_kategori_alsintan`.`kalNama`, `sapa_r_tipe_alsintan`.`tipeNama`, `sapa_t_usul_profil`.`proTipeUsul`, `sapa_t_usul_profil`.`proPplNama`, `sapa_t_usul_profil`.`proPplNamaKetua`, `sapa_t_usul_profil`.`proKabNamaLengkap`, `sapa_m_instansi`.`insNama`
FROM `sapa_t_usul_sarpras`
LEFT JOIN `sapa_r_tipe_alsintan` ON `sapa_r_tipe_alsintan`.`tipeKode` = `sapa_t_usul_sarpras`.`usulTipeKode`
LEFT JOIN `sapa_r_kategori_alsintan` ON `sapa_r_kategori_alsintan`.`kalKode` = `sapa_r_tipe_alsintan`.`tipeKalKode`
LEFT JOIN `sapa_t_usul_profil` ON `sapa_t_usul_profil`.`proUsername` = `sapa_t_usul_sarpras`.`usulUsername`
LEFT JOIN `sapa_m_instansi` ON `sapa_m_instansi`.`insKode` = `sapa_t_usul_profil`.`proInsKode`
WHERE `usulStatus` NOT IN :usulStatus:
 LIMIT 10', [...], false)
 2 VENDORPATH\hermawan\codeigniter4-datatables\src\DataTableQuery.php(234): CodeIgniter\Database\BaseBuilder->get()
 3 VENDORPATH\hermawan\codeigniter4-datatables\src\DataTableQuery.php(74): Hermawan\DataTables\DataTableQuery->queryResult()
 4 VENDORPATH\hermawan\codeigniter4-datatables\src\DataTable.php(187): Hermawan\DataTables\DataTableQuery->getDataResult()
 5 APPPATH\Controllers\Dashboard.php(295): Hermawan\DataTables\DataTable->toJson(true)
 6 SYSTEMPATH\CodeIgniter.php(933): App\Controllers\Dashboard->getDatatable()
 7 SYSTEMPATH\CodeIgniter.php(507): CodeIgniter\CodeIgniter->runController(Object(App\Controllers\Dashboard))
 8 SYSTEMPATH\CodeIgniter.php(354): CodeIgniter\CodeIgniter->handleRequest(null, Object(Config\Cache), false)
 9 SYSTEMPATH\Boot.php(334): CodeIgniter\CodeIgniter->run()
10 SYSTEMPATH\Boot.php(67): CodeIgniter\Boot::runCodeIgniter(Object(CodeIgniter\CodeIgniter))
11 FCPATH\index.php(59): CodeIgniter\Boot::bootWeb(Object(Config\Paths))
CRITICAL - 2025-06-04 01:57:40 --> [Caused by] CodeIgniter\Database\Exceptions\DatabaseException: Unknown column 'sapa_m_instansi.insNama' in 'field list'
in SYSTEMPATH\Database\MySQLi\Connection.php on line 332.
 1 SYSTEMPATH\Database\BaseConnection.php(738): CodeIgniter\Database\MySQLi\Connection->execute('SELECT `sapa_t_usul_sarpras`.`usulKode`, `sapa_t_usul_sarpras`.`usulTipeKode`, `sapa_t_usul_sarpras`.`usulKonKode`, `sapa_t_usul_sarpras`.`usulKepemilikan`, `sapa_t_usul_sarpras`.`usulStatus`, `sapa_r_kategori_alsintan`.`kalNama`, `sapa_r_tipe_alsintan`.`tipeNama`, `sapa_t_usul_profil`.`proTipeUsul`, `sapa_t_usul_profil`.`proPplNama`, `sapa_t_usul_profil`.`proPplNamaKetua`, `sapa_t_usul_profil`.`proKabNamaLengkap`, `sapa_m_instansi`.`insNama`
FROM `sapa_t_usul_sarpras`
LEFT JOIN `sapa_r_tipe_alsintan` ON `sapa_r_tipe_alsintan`.`tipeKode` = `sapa_t_usul_sarpras`.`usulTipeKode`
LEFT JOIN `sapa_r_kategori_alsintan` ON `sapa_r_kategori_alsintan`.`kalKode` = `sapa_r_tipe_alsintan`.`tipeKalKode`
LEFT JOIN `sapa_t_usul_profil` ON `sapa_t_usul_profil`.`proUsername` = `sapa_t_usul_sarpras`.`usulUsername`
LEFT JOIN `sapa_m_instansi` ON `sapa_m_instansi`.`insKode` = `sapa_t_usul_profil`.`proInsKode`
WHERE `usulStatus` NOT IN (0,1,2,3,5)
 LIMIT 10')
 2 SYSTEMPATH\Database\BaseConnection.php(652): CodeIgniter\Database\BaseConnection->simpleQuery('SELECT `sapa_t_usul_sarpras`.`usulKode`, `sapa_t_usul_sarpras`.`usulTipeKode`, `sapa_t_usul_sarpras`.`usulKonKode`, `sapa_t_usul_sarpras`.`usulKepemilikan`, `sapa_t_usul_sarpras`.`usulStatus`, `sapa_r_kategori_alsintan`.`kalNama`, `sapa_r_tipe_alsintan`.`tipeNama`, `sapa_t_usul_profil`.`proTipeUsul`, `sapa_t_usul_profil`.`proPplNama`, `sapa_t_usul_profil`.`proPplNamaKetua`, `sapa_t_usul_profil`.`proKabNamaLengkap`, `sapa_m_instansi`.`insNama`
FROM `sapa_t_usul_sarpras`
LEFT JOIN `sapa_r_tipe_alsintan` ON `sapa_r_tipe_alsintan`.`tipeKode` = `sapa_t_usul_sarpras`.`usulTipeKode`
LEFT JOIN `sapa_r_kategori_alsintan` ON `sapa_r_kategori_alsintan`.`kalKode` = `sapa_r_tipe_alsintan`.`tipeKalKode`
LEFT JOIN `sapa_t_usul_profil` ON `sapa_t_usul_profil`.`proUsername` = `sapa_t_usul_sarpras`.`usulUsername`
LEFT JOIN `sapa_m_instansi` ON `sapa_m_instansi`.`insKode` = `sapa_t_usul_profil`.`proInsKode`
WHERE `usulStatus` NOT IN (0,1,2,3,5)
 LIMIT 10')
 3 SYSTEMPATH\Database\BaseBuilder.php(1649): CodeIgniter\Database\BaseConnection->query('SELECT `sapa_t_usul_sarpras`.`usulKode`, `sapa_t_usul_sarpras`.`usulTipeKode`, `sapa_t_usul_sarpras`.`usulKonKode`, `sapa_t_usul_sarpras`.`usulKepemilikan`, `sapa_t_usul_sarpras`.`usulStatus`, `sapa_r_kategori_alsintan`.`kalNama`, `sapa_r_tipe_alsintan`.`tipeNama`, `sapa_t_usul_profil`.`proTipeUsul`, `sapa_t_usul_profil`.`proPplNama`, `sapa_t_usul_profil`.`proPplNamaKetua`, `sapa_t_usul_profil`.`proKabNamaLengkap`, `sapa_m_instansi`.`insNama`
FROM `sapa_t_usul_sarpras`
LEFT JOIN `sapa_r_tipe_alsintan` ON `sapa_r_tipe_alsintan`.`tipeKode` = `sapa_t_usul_sarpras`.`usulTipeKode`
LEFT JOIN `sapa_r_kategori_alsintan` ON `sapa_r_kategori_alsintan`.`kalKode` = `sapa_r_tipe_alsintan`.`tipeKalKode`
LEFT JOIN `sapa_t_usul_profil` ON `sapa_t_usul_profil`.`proUsername` = `sapa_t_usul_sarpras`.`usulUsername`
LEFT JOIN `sapa_m_instansi` ON `sapa_m_instansi`.`insKode` = `sapa_t_usul_profil`.`proInsKode`
WHERE `usulStatus` NOT IN :usulStatus:
 LIMIT 10', [...], false)
 4 VENDORPATH\hermawan\codeigniter4-datatables\src\DataTableQuery.php(234): CodeIgniter\Database\BaseBuilder->get()
 5 VENDORPATH\hermawan\codeigniter4-datatables\src\DataTableQuery.php(74): Hermawan\DataTables\DataTableQuery->queryResult()
 6 VENDORPATH\hermawan\codeigniter4-datatables\src\DataTable.php(187): Hermawan\DataTables\DataTableQuery->getDataResult()
 7 APPPATH\Controllers\Dashboard.php(295): Hermawan\DataTables\DataTable->toJson(true)
 8 SYSTEMPATH\CodeIgniter.php(933): App\Controllers\Dashboard->getDatatable()
 9 SYSTEMPATH\CodeIgniter.php(507): CodeIgniter\CodeIgniter->runController(Object(App\Controllers\Dashboard))
10 SYSTEMPATH\CodeIgniter.php(354): CodeIgniter\CodeIgniter->handleRequest(null, Object(Config\Cache), false)
11 SYSTEMPATH\Boot.php(334): CodeIgniter\CodeIgniter->run()
12 SYSTEMPATH\Boot.php(67): CodeIgniter\Boot::runCodeIgniter(Object(CodeIgniter\CodeIgniter))
13 FCPATH\index.php(59): CodeIgniter\Boot::bootWeb(Object(Config\Paths))
CRITICAL - 2025-06-04 01:57:40 --> [Caused by] mysqli_sql_exception: Unknown column 'sapa_m_instansi.insNama' in 'field list'
in SYSTEMPATH\Database\MySQLi\Connection.php on line 327.
 1 SYSTEMPATH\Database\MySQLi\Connection.php(327): mysqli->query('SELECT `sapa_t_usul_sarpras`.`usulKode`, `sapa_t_usul_sarpras`.`usulTipeKode`, `sapa_t_usul_sarpras`.`usulKonKode`, `sapa_t_usul_sarpras`.`usulKepemilikan`, `sapa_t_usul_sarpras`.`usulStatus`, `sapa_r_kategori_alsintan`.`kalNama`, `sapa_r_tipe_alsintan`.`tipeNama`, `sapa_t_usul_profil`.`proTipeUsul`, `sapa_t_usul_profil`.`proPplNama`, `sapa_t_usul_profil`.`proPplNamaKetua`, `sapa_t_usul_profil`.`proKabNamaLengkap`, `sapa_m_instansi`.`insNama`
FROM `sapa_t_usul_sarpras`
LEFT JOIN `sapa_r_tipe_alsintan` ON `sapa_r_tipe_alsintan`.`tipeKode` = `sapa_t_usul_sarpras`.`usulTipeKode`
LEFT JOIN `sapa_r_kategori_alsintan` ON `sapa_r_kategori_alsintan`.`kalKode` = `sapa_r_tipe_alsintan`.`tipeKalKode`
LEFT JOIN `sapa_t_usul_profil` ON `sapa_t_usul_profil`.`proUsername` = `sapa_t_usul_sarpras`.`usulUsername`
LEFT JOIN `sapa_m_instansi` ON `sapa_m_instansi`.`insKode` = `sapa_t_usul_profil`.`proInsKode`
WHERE `usulStatus` NOT IN (0,1,2,3,5)
 LIMIT 10', 0)
 2 SYSTEMPATH\Database\BaseConnection.php(738): CodeIgniter\Database\MySQLi\Connection->execute('SELECT `sapa_t_usul_sarpras`.`usulKode`, `sapa_t_usul_sarpras`.`usulTipeKode`, `sapa_t_usul_sarpras`.`usulKonKode`, `sapa_t_usul_sarpras`.`usulKepemilikan`, `sapa_t_usul_sarpras`.`usulStatus`, `sapa_r_kategori_alsintan`.`kalNama`, `sapa_r_tipe_alsintan`.`tipeNama`, `sapa_t_usul_profil`.`proTipeUsul`, `sapa_t_usul_profil`.`proPplNama`, `sapa_t_usul_profil`.`proPplNamaKetua`, `sapa_t_usul_profil`.`proKabNamaLengkap`, `sapa_m_instansi`.`insNama`
FROM `sapa_t_usul_sarpras`
LEFT JOIN `sapa_r_tipe_alsintan` ON `sapa_r_tipe_alsintan`.`tipeKode` = `sapa_t_usul_sarpras`.`usulTipeKode`
LEFT JOIN `sapa_r_kategori_alsintan` ON `sapa_r_kategori_alsintan`.`kalKode` = `sapa_r_tipe_alsintan`.`tipeKalKode`
LEFT JOIN `sapa_t_usul_profil` ON `sapa_t_usul_profil`.`proUsername` = `sapa_t_usul_sarpras`.`usulUsername`
LEFT JOIN `sapa_m_instansi` ON `sapa_m_instansi`.`insKode` = `sapa_t_usul_profil`.`proInsKode`
WHERE `usulStatus` NOT IN (0,1,2,3,5)
 LIMIT 10')
 3 SYSTEMPATH\Database\BaseConnection.php(652): CodeIgniter\Database\BaseConnection->simpleQuery('SELECT `sapa_t_usul_sarpras`.`usulKode`, `sapa_t_usul_sarpras`.`usulTipeKode`, `sapa_t_usul_sarpras`.`usulKonKode`, `sapa_t_usul_sarpras`.`usulKepemilikan`, `sapa_t_usul_sarpras`.`usulStatus`, `sapa_r_kategori_alsintan`.`kalNama`, `sapa_r_tipe_alsintan`.`tipeNama`, `sapa_t_usul_profil`.`proTipeUsul`, `sapa_t_usul_profil`.`proPplNama`, `sapa_t_usul_profil`.`proPplNamaKetua`, `sapa_t_usul_profil`.`proKabNamaLengkap`, `sapa_m_instansi`.`insNama`
FROM `sapa_t_usul_sarpras`
LEFT JOIN `sapa_r_tipe_alsintan` ON `sapa_r_tipe_alsintan`.`tipeKode` = `sapa_t_usul_sarpras`.`usulTipeKode`
LEFT JOIN `sapa_r_kategori_alsintan` ON `sapa_r_kategori_alsintan`.`kalKode` = `sapa_r_tipe_alsintan`.`tipeKalKode`
LEFT JOIN `sapa_t_usul_profil` ON `sapa_t_usul_profil`.`proUsername` = `sapa_t_usul_sarpras`.`usulUsername`
LEFT JOIN `sapa_m_instansi` ON `sapa_m_instansi`.`insKode` = `sapa_t_usul_profil`.`proInsKode`
WHERE `usulStatus` NOT IN (0,1,2,3,5)
 LIMIT 10')
 4 SYSTEMPATH\Database\BaseBuilder.php(1649): CodeIgniter\Database\BaseConnection->query('SELECT `sapa_t_usul_sarpras`.`usulKode`, `sapa_t_usul_sarpras`.`usulTipeKode`, `sapa_t_usul_sarpras`.`usulKonKode`, `sapa_t_usul_sarpras`.`usulKepemilikan`, `sapa_t_usul_sarpras`.`usulStatus`, `sapa_r_kategori_alsintan`.`kalNama`, `sapa_r_tipe_alsintan`.`tipeNama`, `sapa_t_usul_profil`.`proTipeUsul`, `sapa_t_usul_profil`.`proPplNama`, `sapa_t_usul_profil`.`proPplNamaKetua`, `sapa_t_usul_profil`.`proKabNamaLengkap`, `sapa_m_instansi`.`insNama`
FROM `sapa_t_usul_sarpras`
LEFT JOIN `sapa_r_tipe_alsintan` ON `sapa_r_tipe_alsintan`.`tipeKode` = `sapa_t_usul_sarpras`.`usulTipeKode`
LEFT JOIN `sapa_r_kategori_alsintan` ON `sapa_r_kategori_alsintan`.`kalKode` = `sapa_r_tipe_alsintan`.`tipeKalKode`
LEFT JOIN `sapa_t_usul_profil` ON `sapa_t_usul_profil`.`proUsername` = `sapa_t_usul_sarpras`.`usulUsername`
LEFT JOIN `sapa_m_instansi` ON `sapa_m_instansi`.`insKode` = `sapa_t_usul_profil`.`proInsKode`
WHERE `usulStatus` NOT IN :usulStatus:
 LIMIT 10', [...], false)
 5 VENDORPATH\hermawan\codeigniter4-datatables\src\DataTableQuery.php(234): CodeIgniter\Database\BaseBuilder->get()
 6 VENDORPATH\hermawan\codeigniter4-datatables\src\DataTableQuery.php(74): Hermawan\DataTables\DataTableQuery->queryResult()
 7 VENDORPATH\hermawan\codeigniter4-datatables\src\DataTable.php(187): Hermawan\DataTables\DataTableQuery->getDataResult()
 8 APPPATH\Controllers\Dashboard.php(295): Hermawan\DataTables\DataTable->toJson(true)
 9 SYSTEMPATH\CodeIgniter.php(933): App\Controllers\Dashboard->getDatatable()
10 SYSTEMPATH\CodeIgniter.php(507): CodeIgniter\CodeIgniter->runController(Object(App\Controllers\Dashboard))
11 SYSTEMPATH\CodeIgniter.php(354): CodeIgniter\CodeIgniter->handleRequest(null, Object(Config\Cache), false)
12 SYSTEMPATH\Boot.php(334): CodeIgniter\CodeIgniter->run()
13 SYSTEMPATH\Boot.php(67): CodeIgniter\Boot::runCodeIgniter(Object(CodeIgniter\CodeIgniter))
14 FCPATH\index.php(59): CodeIgniter\Boot::bootWeb(Object(Config\Paths))
DEBUG - 2025-06-04 01:58:37 --> Session: Class initialized using 'CodeIgniter\Session\Handlers\FileHandler' driver.
DEBUG - 2025-06-04 01:58:39 --> Session: Class initialized using 'CodeIgniter\Session\Handlers\FileHandler' driver.
DEBUG - 2025-06-04 02:00:34 --> Session: Class initialized using 'CodeIgniter\Session\Handlers\FileHandler' driver.
DEBUG - 2025-06-04 02:00:34 --> Session: Class initialized using 'CodeIgniter\Session\Handlers\FileHandler' driver.
DEBUG - 2025-06-04 02:02:22 --> Session: Class initialized using 'CodeIgniter\Session\Handlers\FileHandler' driver.
DEBUG - 2025-06-04 02:02:22 --> Session: Class initialized using 'CodeIgniter\Session\Handlers\FileHandler' driver.
DEBUG - 2025-06-04 02:02:23 --> Session: Class initialized using 'CodeIgniter\Session\Handlers\FileHandler' driver.
DEBUG - 2025-06-04 02:02:25 --> Session: Class initialized using 'CodeIgniter\Session\Handlers\FileHandler' driver.
DEBUG - 2025-06-04 02:02:26 --> Session: Class initialized using 'CodeIgniter\Session\Handlers\FileHandler' driver.
DEBUG - 2025-06-04 02:02:53 --> Session: Class initialized using 'CodeIgniter\Session\Handlers\FileHandler' driver.
DEBUG - 2025-06-04 02:02:54 --> Session: Class initialized using 'CodeIgniter\Session\Handlers\FileHandler' driver.
DEBUG - 2025-06-04 02:02:55 --> Session: Class initialized using 'CodeIgniter\Session\Handlers\FileHandler' driver.
DEBUG - 2025-06-04 02:02:58 --> Session: Class initialized using 'CodeIgniter\Session\Handlers\FileHandler' driver.
DEBUG - 2025-06-04 02:02:59 --> Session: Class initialized using 'CodeIgniter\Session\Handlers\FileHandler' driver.
DEBUG - 2025-06-04 02:03:00 --> Session: Class initialized using 'CodeIgniter\Session\Handlers\FileHandler' driver.
DEBUG - 2025-06-04 02:06:14 --> Session: Class initialized using 'CodeIgniter\Session\Handlers\FileHandler' driver.
DEBUG - 2025-06-04 02:06:51 --> Session: Class initialized using 'CodeIgniter\Session\Handlers\FileHandler' driver.
DEBUG - 2025-06-04 02:06:57 --> Session: Class initialized using 'CodeIgniter\Session\Handlers\FileHandler' driver.
DEBUG - 2025-06-04 02:06:57 --> Session: Class initialized using 'CodeIgniter\Session\Handlers\FileHandler' driver.
DEBUG - 2025-06-04 02:07:05 --> Session: Class initialized using 'CodeIgniter\Session\Handlers\FileHandler' driver.
DEBUG - 2025-06-04 02:07:05 --> Session: Class initialized using 'CodeIgniter\Session\Handlers\FileHandler' driver.
DEBUG - 2025-06-04 02:07:06 --> Session: Class initialized using 'CodeIgniter\Session\Handlers\FileHandler' driver.
