CRITICAL - 2025-05-23 05:35:11 --> CodeIgniter\View\Exceptions\ViewException: Invalid file: "../partial/sidebar.php"
[Method: GET, Route: dashboard]
in SYSTEMPATH\Exceptions\FrameworkException.php on line 39.
 1 SYSTEMPATH\View\View.php(212): CodeIgniter\Exceptions\FrameworkException::forInvalidFile('../partial/sidebar.php')
 2 SYSTEMPATH\Common.php(1173): CodeIgniter\View\View->render('../partial/sidebar', [], true)
 3 APPPATH\Views\dashboard\main.php(252): view('../partial/sidebar')
 4 SYSTEMPATH\View\View.php(224): include('C:\\xampp\\htdocs\\sapa_intan\\app\\Views\\dashboard\\main.php')
 5 SYSTEMPATH\View\View.php(227): CodeIgniter\View\View->CodeIgniter\View\{closure}()
 6 SYSTEMPATH\Common.php(1173): CodeIgniter\View\View->render('dashboard/main', [], true)
 7 APPPATH\Controllers\Dashboard.php(13): view('dashboard/main')
 8 SYSTEMPATH\CodeIgniter.php(933): App\Controllers\Dashboard->getIndex()
 9 SYSTEMPATH\CodeIgniter.php(507): CodeIgniter\CodeIgniter->runController(Object(App\Controllers\Dashboard))
10 SYSTEMPATH\CodeIgniter.php(354): CodeIgniter\CodeIgniter->handleRequest(null, Object(Config\Cache), false)
11 SYSTEMPATH\Boot.php(334): CodeIgniter\CodeIgniter->run()
12 SYSTEMPATH\Boot.php(67): CodeIgniter\Boot::runCodeIgniter(Object(CodeIgniter\CodeIgniter))
13 FCPATH\index.php(59): CodeIgniter\Boot::bootWeb(Object(Config\Paths))
14 SYSTEMPATH\rewrite.php(44): require_once('C:\\xampp\\htdocs\\sapa_intan\\public\\index.php')
CRITICAL - 2025-05-23 06:05:56 --> CodeIgniter\View\Exceptions\ViewException: Invalid file: "dashboard/profil.php"
[Method: GET, Route: dashboard/usul_profil]
in SYSTEMPATH\Exceptions\FrameworkException.php on line 39.
 1 SYSTEMPATH\View\View.php(212): CodeIgniter\Exceptions\FrameworkException::forInvalidFile('dashboard/profil.php')
 2 SYSTEMPATH\Common.php(1173): CodeIgniter\View\View->render('dashboard/profil', [], true)
 3 APPPATH\Controllers\Dashboard.php(18): view('dashboard/profil')
 4 SYSTEMPATH\CodeIgniter.php(933): App\Controllers\Dashboard->getUsul_profil()
 5 SYSTEMPATH\CodeIgniter.php(507): CodeIgniter\CodeIgniter->runController(Object(App\Controllers\Dashboard))
 6 SYSTEMPATH\CodeIgniter.php(354): CodeIgniter\CodeIgniter->handleRequest(null, Object(Config\Cache), false)
 7 SYSTEMPATH\Boot.php(334): CodeIgniter\CodeIgniter->run()
 8 SYSTEMPATH\Boot.php(67): CodeIgniter\Boot::runCodeIgniter(Object(CodeIgniter\CodeIgniter))
 9 FCPATH\index.php(59): CodeIgniter\Boot::bootWeb(Object(Config\Paths))
10 SYSTEMPATH\rewrite.php(44): require_once('C:\\xampp\\htdocs\\sapa_intan\\public\\index.php')
CRITICAL - 2025-05-23 06:07:34 --> CodeIgniter\View\Exceptions\ViewException: Invalid file: "dashboard/profil.php"
[Method: GET, Route: dashboard/usul_profil]
in SYSTEMPATH\Exceptions\FrameworkException.php on line 39.
 1 SYSTEMPATH\View\View.php(212): CodeIgniter\Exceptions\FrameworkException::forInvalidFile('dashboard/profil.php')
 2 SYSTEMPATH\Common.php(1173): CodeIgniter\View\View->render('dashboard/profil', [], true)
 3 APPPATH\Controllers\Dashboard.php(23): view('dashboard/profil')
 4 SYSTEMPATH\CodeIgniter.php(933): App\Controllers\Dashboard->getUsul_profil()
 5 SYSTEMPATH\CodeIgniter.php(507): CodeIgniter\CodeIgniter->runController(Object(App\Controllers\Dashboard))
 6 SYSTEMPATH\CodeIgniter.php(354): CodeIgniter\CodeIgniter->handleRequest(null, Object(Config\Cache), false)
 7 SYSTEMPATH\Boot.php(334): CodeIgniter\CodeIgniter->run()
 8 SYSTEMPATH\Boot.php(67): CodeIgniter\Boot::runCodeIgniter(Object(CodeIgniter\CodeIgniter))
 9 FCPATH\index.php(59): CodeIgniter\Boot::bootWeb(Object(Config\Paths))
10 SYSTEMPATH\rewrite.php(44): require_once('C:\\xampp\\htdocs\\sapa_intan\\public\\index.php')
